2023-03-26 14:13:11,189 INFO org.springframework.boot.StartupInfoLogger [restartedMain] Starting ProyectoApplication using Java 17.0.3.1 on DESKTOP-U83I70G with PID 8916 (E:\springboot\proyecto\target\classes started by jsusi in E:\springboot\proyecto)
2023-03-26 14:13:11,190 INFO org.springframework.boot.SpringApplication [restartedMain] No active profile set, falling back to 1 default profile: "default"
2023-03-26 14:13:11,221 INFO org.springframework.boot.logging.DeferredLog [restartedMain] Devtools property defaults active! Set 'spring.devtools.add-properties' to 'false' to disable
2023-03-26 14:13:11,222 INFO org.springframework.boot.logging.DeferredLog [restartedMain] For additional web related logging consider setting the 'logging.level.web' property to 'DEBUG'
2023-03-26 14:13:12,012 INFO org.springframework.data.repository.config.RepositoryConfigurationDelegate [restartedMain] Multiple Spring Data modules found, entering strict repository configuration mode
2023-03-26 14:13:12,013 INFO org.springframework.data.repository.config.RepositoryConfigurationDelegate [restartedMain] Bootstrapping Spring Data JDBC repositories in DEFAULT mode.
2023-03-26 14:13:12,033 INFO org.springframework.data.repository.config.RepositoryConfigurationExtensionSupport [restartedMain] Spring Data JDBC - Could not safely identify store assignment for repository candidate interface com.tokioschool.web.repository.FilmRepository; If you want this repository to be a JDBC repository, consider annotating your entities with one of these annotations: org.springframework.data.relational.core.mapping.Table.
2023-03-26 14:13:12,034 INFO org.springframework.data.repository.config.RepositoryConfigurationExtensionSupport [restartedMain] Spring Data JDBC - Could not safely identify store assignment for repository candidate interface com.tokioschool.web.repository.PersonRepository; If you want this repository to be a JDBC repository, consider annotating your entities with one of these annotations: org.springframework.data.relational.core.mapping.Table.
2023-03-26 14:13:12,035 INFO org.springframework.data.repository.config.RepositoryConfigurationExtensionSupport [restartedMain] Spring Data JDBC - Could not safely identify store assignment for repository candidate interface com.tokioschool.web.repository.ReviewRepository; If you want this repository to be a JDBC repository, consider annotating your entities with one of these annotations: org.springframework.data.relational.core.mapping.Table.
2023-03-26 14:13:12,036 INFO org.springframework.data.repository.config.RepositoryConfigurationExtensionSupport [restartedMain] Spring Data JDBC - Could not safely identify store assignment for repository candidate interface com.tokioschool.web.repository.RoleRepository; If you want this repository to be a JDBC repository, consider annotating your entities with one of these annotations: org.springframework.data.relational.core.mapping.Table.
2023-03-26 14:13:12,037 INFO org.springframework.data.repository.config.RepositoryConfigurationExtensionSupport [restartedMain] Spring Data JDBC - Could not safely identify store assignment for repository candidate interface com.tokioschool.web.repository.ScoreRepository; If you want this repository to be a JDBC repository, consider annotating your entities with one of these annotations: org.springframework.data.relational.core.mapping.Table.
2023-03-26 14:13:12,038 INFO org.springframework.data.repository.config.RepositoryConfigurationExtensionSupport [restartedMain] Spring Data JDBC - Could not safely identify store assignment for repository candidate interface com.tokioschool.web.repository.UserRepository; If you want this repository to be a JDBC repository, consider annotating your entities with one of these annotations: org.springframework.data.relational.core.mapping.Table.
2023-03-26 14:13:12,039 INFO org.springframework.data.repository.config.RepositoryConfigurationDelegate [restartedMain] Finished Spring Data repository scanning in 22 ms. Found 0 JDBC repository interfaces.
2023-03-26 14:13:12,044 INFO org.springframework.data.repository.config.RepositoryConfigurationDelegate [restartedMain] Multiple Spring Data modules found, entering strict repository configuration mode
2023-03-26 14:13:12,045 INFO org.springframework.data.repository.config.RepositoryConfigurationDelegate [restartedMain] Bootstrapping Spring Data JPA repositories in DEFAULT mode.
2023-03-26 14:13:12,072 INFO org.springframework.data.repository.config.RepositoryConfigurationDelegate [restartedMain] Finished Spring Data repository scanning in 23 ms. Found 6 JPA repository interfaces.
2023-03-26 14:13:12,501 INFO org.springframework.boot.web.embedded.tomcat.TomcatWebServer [restartedMain] Tomcat initialized with port(s): 8080 (http)
2023-03-26 14:13:12,509 INFO org.apache.juli.logging.DirectJDKLog [restartedMain] Initializing ProtocolHandler ["http-nio-8080"]
2023-03-26 14:13:12,509 INFO org.apache.juli.logging.DirectJDKLog [restartedMain] Starting service [Tomcat]
2023-03-26 14:13:12,509 INFO org.apache.juli.logging.DirectJDKLog [restartedMain] Starting Servlet engine: [Apache Tomcat/9.0.69]
2023-03-26 14:13:12,573 INFO org.apache.juli.logging.DirectJDKLog [restartedMain] Initializing Spring embedded WebApplicationContext
2023-03-26 14:13:12,573 INFO org.springframework.boot.web.servlet.context.ServletWebServerApplicationContext [restartedMain] Root WebApplicationContext: initialization completed in 1351 ms
2023-03-26 14:13:12,791 INFO org.hibernate.jpa.internal.util.LogHelper [restartedMain] HHH000204: Processing PersistenceUnitInfo [name: default]
2023-03-26 14:13:12,827 INFO org.hibernate.Version [restartedMain] HHH000412: Hibernate ORM core version 5.6.14.Final
2023-03-26 14:13:12,932 INFO org.hibernate.annotations.common.reflection.java.JavaReflectionManager [restartedMain] HCANN000001: Hibernate Commons Annotations {5.1.2.Final}
2023-03-26 14:13:13,006 INFO com.zaxxer.hikari.HikariDataSource [restartedMain] HikariPool-1 - Starting...
2023-03-26 14:13:13,118 INFO com.zaxxer.hikari.HikariDataSource [restartedMain] HikariPool-1 - Start completed.
2023-03-26 14:13:13,138 INFO org.hibernate.dialect.Dialect [restartedMain] HHH000400: Using dialect: org.hibernate.dialect.MySQL55Dialect
2023-03-26 14:13:13,698 INFO org.hibernate.engine.transaction.jta.platform.internal.JtaPlatformInitiator [restartedMain] HHH000490: Using JtaPlatform implementation: [org.hibernate.engine.transaction.jta.platform.internal.NoJtaPlatform]
2023-03-26 14:13:13,704 INFO org.springframework.orm.jpa.AbstractEntityManagerFactoryBean [restartedMain] Initialized JPA EntityManagerFactory for persistence unit 'default'
2023-03-26 14:13:14,121 WARN org.springframework.boot.autoconfigure.orm.jpa.JpaBaseConfiguration$JpaWebConfiguration [restartedMain] spring.jpa.open-in-view is enabled by default. Therefore, database queries may be performed during view rendering. Explicitly configure spring.jpa.open-in-view to disable this warning
2023-03-26 14:13:14,135 INFO com.tokioschool.web.config.FilmImageConfig [restartedMain] Comprobamos existencia directorio
2023-03-26 14:13:14,280 WARN org.springframework.security.config.annotation.web.builders.WebSecurity [restartedMain] You are asking Spring Security to ignore Ant [pattern='/resources/**']. This is not recommended -- please use permitAll via HttpSecurity#authorizeHttpRequests instead.
2023-03-26 14:13:14,281 INFO org.springframework.security.web.DefaultSecurityFilterChain [restartedMain] Will not secure Ant [pattern='/resources/**']
2023-03-26 14:13:14,281 WARN org.springframework.security.config.annotation.web.builders.WebSecurity [restartedMain] You are asking Spring Security to ignore Ant [pattern='/static/**']. This is not recommended -- please use permitAll via HttpSecurity#authorizeHttpRequests instead.
2023-03-26 14:13:14,281 INFO org.springframework.security.web.DefaultSecurityFilterChain [restartedMain] Will not secure Ant [pattern='/static/**']
2023-03-26 14:13:14,281 WARN org.springframework.security.config.annotation.web.builders.WebSecurity [restartedMain] You are asking Spring Security to ignore Ant [pattern='/templates/**']. This is not recommended -- please use permitAll via HttpSecurity#authorizeHttpRequests instead.
2023-03-26 14:13:14,282 INFO org.springframework.security.web.DefaultSecurityFilterChain [restartedMain] Will not secure Ant [pattern='/templates/**']
2023-03-26 14:13:14,282 WARN org.springframework.security.config.annotation.web.builders.WebSecurity [restartedMain] You are asking Spring Security to ignore Ant [pattern='/css/**']. This is not recommended -- please use permitAll via HttpSecurity#authorizeHttpRequests instead.
2023-03-26 14:13:14,282 INFO org.springframework.security.web.DefaultSecurityFilterChain [restartedMain] Will not secure Ant [pattern='/css/**']
2023-03-26 14:13:14,282 WARN org.springframework.security.config.annotation.web.builders.WebSecurity [restartedMain] You are asking Spring Security to ignore Ant [pattern='/js/**']. This is not recommended -- please use permitAll via HttpSecurity#authorizeHttpRequests instead.
2023-03-26 14:13:14,282 INFO org.springframework.security.web.DefaultSecurityFilterChain [restartedMain] Will not secure Ant [pattern='/js/**']
2023-03-26 14:13:14,282 WARN org.springframework.security.config.annotation.web.builders.WebSecurity [restartedMain] You are asking Spring Security to ignore Ant [pattern='/images/**']. This is not recommended -- please use permitAll via HttpSecurity#authorizeHttpRequests instead.
2023-03-26 14:13:14,283 INFO org.springframework.security.web.DefaultSecurityFilterChain [restartedMain] Will not secure Ant [pattern='/images/**']
2023-03-26 14:13:14,283 WARN org.springframework.security.config.annotation.web.builders.WebSecurity [restartedMain] You are asking Spring Security to ignore Ant [pattern='/fonts/**']. This is not recommended -- please use permitAll via HttpSecurity#authorizeHttpRequests instead.
2023-03-26 14:13:14,283 INFO org.springframework.security.web.DefaultSecurityFilterChain [restartedMain] Will not secure Ant [pattern='/fonts/**']
2023-03-26 14:13:14,283 WARN org.springframework.security.config.annotation.web.builders.WebSecurity [restartedMain] You are asking Spring Security to ignore Ant [pattern='/webjars/**']. This is not recommended -- please use permitAll via HttpSecurity#authorizeHttpRequests instead.
2023-03-26 14:13:14,283 INFO org.springframework.security.web.DefaultSecurityFilterChain [restartedMain] Will not secure Ant [pattern='/webjars/**']
2023-03-26 14:13:14,283 WARN org.springframework.security.config.annotation.web.builders.WebSecurity [restartedMain] You are asking Spring Security to ignore Ant [pattern='/error/**']. This is not recommended -- please use permitAll via HttpSecurity#authorizeHttpRequests instead.
2023-03-26 14:13:14,283 INFO org.springframework.security.web.DefaultSecurityFilterChain [restartedMain] Will not secure Ant [pattern='/error/**']
2023-03-26 14:13:14,321 INFO org.springframework.security.web.DefaultSecurityFilterChain [restartedMain] Will secure any request with [org.springframework.security.web.session.DisableEncodeUrlFilter@3da688fc, org.springframework.security.web.context.request.async.WebAsyncManagerIntegrationFilter@1210092a, org.springframework.security.web.context.SecurityContextPersistenceFilter@46196d82, org.springframework.security.web.header.HeaderWriterFilter@20056206, org.springframework.security.web.csrf.CsrfFilter@79c387b9, org.springframework.security.web.authentication.logout.LogoutFilter@717f9276, org.springframework.security.web.authentication.UsernamePasswordAuthenticationFilter@4839c2e8, org.springframework.security.web.savedrequest.RequestCacheAwareFilter@3be9b286, org.springframework.security.web.servletapi.SecurityContextHolderAwareRequestFilter@1eb70fb4, org.springframework.security.web.authentication.AnonymousAuthenticationFilter@14b8b702, org.springframework.security.web.session.SessionManagementFilter@7e190f4b, org.springframework.security.web.access.ExceptionTranslationFilter@3253c796, org.springframework.security.web.access.intercept.FilterSecurityInterceptor@36f340f]
2023-03-26 14:13:14,390 INFO org.springframework.boot.autoconfigure.web.servlet.WelcomePageHandlerMapping [restartedMain] Adding welcome page template: index
2023-03-26 14:13:14,668 WARN org.springframework.boot.devtools.autoconfigure.OptionalLiveReloadServer [restartedMain] Unable to start LiveReload server
2023-03-26 14:13:14,672 INFO org.springframework.boot.actuate.endpoint.web.EndpointLinksResolver [restartedMain] Exposing 1 endpoint(s) beneath base path '/actuator'
2023-03-26 14:13:14,694 INFO org.apache.juli.logging.DirectJDKLog [restartedMain] Starting ProtocolHandler ["http-nio-8080"]
2023-03-26 14:13:14,712 INFO org.springframework.boot.web.embedded.tomcat.TomcatWebServer [restartedMain] Tomcat started on port(s): 8080 (http) with context path ''
2023-03-26 14:13:14,725 INFO org.springframework.boot.StartupInfoLogger [restartedMain] Started ProyectoApplication in 3.832 seconds (JVM running for 4.301)
2023-03-26 14:13:15,892 INFO org.apache.juli.logging.DirectJDKLog [RMI TCP Connection(4)-127.0.0.1] Initializing Spring DispatcherServlet 'dispatcherServlet'
2023-03-26 14:13:15,892 INFO org.springframework.web.servlet.FrameworkServlet [RMI TCP Connection(4)-127.0.0.1] Initializing Servlet 'dispatcherServlet'
2023-03-26 14:13:15,893 INFO org.springframework.web.servlet.FrameworkServlet [RMI TCP Connection(4)-127.0.0.1] Completed initialization in 1 ms
2023-03-26 14:13:34,424 INFO com.tokioschool.web.util.HelperRest [http-nio-8080-exec-5] No hay token procedemos a solicitar uno
2023-03-26 14:13:34,609 INFO com.tokioschool.web.util.HelperRest [http-nio-8080-exec-5] Token Generado
2023-03-26 14:13:34,610 INFO com.tokioschool.web.controller.ControllerFilm [http-nio-8080-exec-5] Procedemos a mandar la solicitud
2023-03-26 14:13:34,733 INFO com.tokioschool.web.controller.ControllerFilm [http-nio-8080-exec-5] recibimos la solicitud en el response
2023-03-26 14:13:40,939 INFO com.tokioschool.web.controller.ControllerFilm [http-nio-8080-exec-10] Procedemos a mandar la solicitud
2023-03-26 14:13:40,960 INFO com.tokioschool.web.controller.ControllerFilm [http-nio-8080-exec-10] recibimos la solicitud en el response
2023-03-26 14:13:45,977 INFO com.tokioschool.web.controller.ControllerFilm [http-nio-8080-exec-9] Procedemos a mandar la solicitud
2023-03-26 14:13:46,002 INFO com.tokioschool.web.controller.ControllerFilm [http-nio-8080-exec-9] recibimos la solicitud en el response
2023-03-26 14:14:11,246 INFO com.tokioschool.web.controller.ControllerFilm [http-nio-8080-exec-9] Procedemos a mandar la solicitud
2023-03-26 14:14:11,255 INFO com.tokioschool.web.controller.ControllerFilm [http-nio-8080-exec-9] recibimos la solicitud en el response
2023-03-26 14:14:15,747 INFO com.tokioschool.web.controller.ControllerFilm [http-nio-8080-exec-5] **************************save film**************************************
2023-03-26 14:14:15,761 INFO com.tokioschool.web.controller.ControllerFilm [http-nio-8080-exec-6] Procedemos a mandar la solicitud
2023-03-26 14:14:15,772 INFO com.tokioschool.web.controller.ControllerFilm [http-nio-8080-exec-6] recibimos la solicitud en el response
2023-03-26 14:14:22,136 WARN org.springframework.web.servlet.handler.AbstractHandlerExceptionResolver [http-nio-8080-exec-10] Resolved [org.springframework.web.client.HttpServerErrorException$InternalServerError: 500 : "{"timestamp":"2023-03-26T13:14:22.128+00:00","status":500,"error":"Internal Server Error","trace":"java.util.NoSuchElementException: No value present\r\n\tat java.base/java.util.Optional.get(Optional.java:143)\r\n\tat com.tokioschool.spring.service.impl.ReviewServiceImpl.save(ReviewServiceImpl.java:44)\r\n\tat com.tokioschool.spring.controller.ControllerReview.newReview(ControllerReview.java:59)\r\n\tat java.base/jdk.internal.reflect.NativeMethodAccessorImpl.invoke0(Native Method)\r\n\tat java.base/jdk.internal.reflect.NativeMethodAccessorImpl.invoke(NativeMethodAccessorImpl.java:77)\r\n\tat java.base/jdk.internal.reflect.DelegatingMethodAccessorImpl.invoke(DelegatingMethodAccessorImpl.java:43)\r\n\tat java.base/java.lang.reflect.Method.invoke(Method.java:568)\r\n\tat org.springframework.web.method.support.InvocableHandlerMethod.doInvoke(InvocableHandlerMethod.java:205)\r\n\tat org.springframework.web.method.support.InvocableHandlerMethod.invokeForRequest(InvocableHandlerMethod.java:150)\r\n\tat org.springframework.web.servlet.mvc.method.annotation.ServletInvocableHandlerMethod.invokeAndHandle(ServletInvocableHandlerMethod.java:117)\r\n\tat org.springframework.web.servlet.mvc.method.annotation.RequestMappingHandlerAdapter.invokeHandlerMethod(RequestMappingHandlerAdapter.java:895)\r\n\tat org.springframework.web.servlet.mvc.method.annotation.RequestMappingHandlerAdapter.handleInternal(RequestMappingHandlerAdapter.java:808)\r\n\tat org.springframework.web.servlet.mvc.method.AbstractHandlerMethodAdapter.handle(AbstractHandlerMethodAdapter.java:87)\r\n\tat org.springframework.web.servlet.DispatcherServlet.doDispatch(DispatcherServlet.java:1071)\r\n\tat org.springframework.web.servlet.DispatcherServlet.doService(DispatcherServlet.java:964)\r\n\tat org.springframework.web.servlet.FrameworkServlet.processRequest(FrameworkServlet.java:1006)\r\n\tat org.springframework.web.servlet.FrameworkServlet.doPost(FrameworkServlet.java:909)\r\n\tat javax.servlet.http.HttpServlet.service(HttpServlet.java:696)\r\n\tat org.springframework.web.servlet.FrameworkServlet.service(FrameworkServlet.java:883)\r\n\tat javax.servlet.http.HttpServlet.service(HttpServlet.java:779)\r\n\tat org.apache.catalina.core.ApplicationFilterChain.internalDoFilter(ApplicationFilterChain.java:227)\r\n\tat org.apache.catalina.core.ApplicationFilterChain.doFilter(ApplicationFilterChain.java:162)\r\n\tat org.apache.tomcat.websocket.server.WsFilter.doFilter(WsFilter.java:53)\r\n\tat org.apache.catalina.core.ApplicationFilterChain.internalDoFilter(ApplicationFilterChain.java:189)\r\n\tat org.apache.catalina.core.ApplicationFilterChain.doFilter(ApplicationFilterChain.java:162)\r\n\tat org.springframework.web.filter.OncePerRequestFilter.doFilter(OncePerRequestFilter.java:111)\r\n\tat org.apache.catalina.core.ApplicationFilterChain.internalDoFilter(ApplicationFilterChain.java:189)\r\n\tat org.apache.catalina.core.ApplicationFilterChain.doFilter(ApplicationFilterChain.java:162)\r\n\tat org.springframework.security.web.FilterChainProxy$VirtualFilterChain.doFilter(FilterChainProxy.java:337)\r\n\tat org.springframework.security.web.access.intercept.FilterSecurityInterceptor.invoke(FilterSecurityInterceptor.java:115)\r\n\tat org.springframework.security.web.access.intercept.FilterSecurityInterceptor.doFilter(FilterSecurityInterceptor.java:81)\r\n\tat org.springframework.security.web.FilterChainProxy$VirtualFilterChain.doFilter(FilterChainProxy.java:346)\r\n\tat org.springframework.security.web.access.ExceptionTranslationFilter.doFilter(ExceptionTranslationFilter.java:122)\r\n\tat org.springframework.security.web.access.ExceptionTranslationFilter.doFilter(ExceptionTranslationFilter.java:116)\r\n\tat org.springframework.security.web.FilterChainProxy$VirtualFilterChain.doFilter(FilterChainProxy.java:346)\r\n\tat org.springframework.security.web.session.SessionManagementFilter.doFilter(SessionManagementFilter.java:126)\r\n\tat org.springframework.security.web.session.SessionManagementFilter.doFilter(SessionManagementFilter.java:81)\r\n\tat org.springframework.security.web.FilterChainProxy$VirtualFilterChain.doFilter(FilterChainProxy.java:346)\r\n\tat org.springframework.security.web.authentication.AnonymousAuthenticationFilter.doFilter(AnonymousAuthenticationFilter.java:109)\r\n\tat org.springframework.security.web.FilterChainProxy$VirtualFilterChain.doFilter(FilterChainProxy.java:346)\r\n\tat org.springframework.security.web.servletapi.SecurityContextHolderAwareRequestFilter.doFilter(SecurityContextHolderAwareRequestFilter.java:149)\r\n\tat org.springframework.security.web.FilterChainProxy$VirtualFilterChain.doFilter(FilterChainProxy.java:346)\r\n\tat org.springframework.security.web.savedrequest.RequestCacheAwareFilter.doFilter(RequestCacheAwareFilter.java:63)\r\n\tat org.springframework.security.web.FilterChainProxy$VirtualFilterChain.doFilter(FilterChainProxy.java:346)\r\n\tat com.tokioschool.spring.security.JwtRequestFilter.doFilterInternal(JwtRequestFilter.java:80)\r\n\tat org.springframework.web.filter.OncePerRequestFilter.doFilter(OncePerRequestFilter.java:117)\r\n\tat org.springframework.security.web.FilterChainProxy$VirtualFilterChain.doFilter(FilterChainProxy.java:346)\r\n\tat org.springframework.security.web.authentication.logout.LogoutFilter.doFilter(LogoutFilter.java:103)\r\n\tat org.springframework.security.web.authentication.logout.LogoutFilter.doFilter(LogoutFilter.java:89)\r\n\tat org.springframework.security.web.FilterChainProxy$VirtualFilterChain.doFilter(FilterChainProxy.java:346)\r\n\tat org.springframework.security.web.header.HeaderWriterFilter.doHeadersAfter(HeaderWriterFilter.java:90)\r\n\tat org.springframework.security.web.header.HeaderWriterFilter.doFilterInternal(HeaderWriterFilter.java:75)\r\n\tat org.springframework.web.filter.OncePerRequestFilter.doFilter(OncePerRequestFilter.java:117)\r\n\tat org.springframework.security.web.FilterChainProxy$VirtualFilterChain.doFilter(FilterChainProxy.java:346)\r\n\tat org.springframework.security.web.context.SecurityContextPersistenceFilter.doFilter(SecurityContextPersistenceFilter.java:112)\r\n\tat org.springframework.security.web.context.SecurityContextPersistenceFilter.doFilter(SecurityContextPersistenceFilter.java:82)\r\n\tat org.springframework.security.web.FilterChainProxy$VirtualFilterChain.doFilter(FilterChainProxy.java:346)\r\n\tat org.springframework.security.web.context.request.async.WebAsyncManagerIntegrationFilter.doFilterInternal(WebAsyncManagerIntegrationFilter.java:55)\r\n\tat org.springframework.web.filter.OncePerRequestFilter.doFilter(OncePerRequestFilter.java:117)\r\n\tat org.springframework.security.web.FilterChainProxy$VirtualFilterChain.doFilter(FilterChainProxy.java:346)\r\n\tat org.springframework.security.web.session.DisableEncodeUrlFilter.doFilterInternal(DisableEncodeUrlFilter.java:42)\r\n\tat org.springframework.web.filter.OncePerRequestFilter.doFilter(OncePerRequestFilter.java:117)\r\n\tat org.springframework.security.web.FilterChainProxy$VirtualFilterChain.doFilter(FilterChainProxy.java:346)\r\n\tat org.springframework.security.web.FilterChainProxy.doFilterInternal(FilterChainProxy.java:221)\r\n\tat org.springframework.security.web.FilterChainProxy.doFilter(FilterChainProxy.java:186)\r\n\tat org.springframework.web.filter.DelegatingFilterProxy.invokeDelegate(DelegatingFilterProxy.java:354)\r\n\tat org.springframework.web.filter.DelegatingFilterProxy.doFilter(DelegatingFilterProxy.java:267)\r\n\tat org.apache.catalina.core.ApplicationFilterChain.internalDoFilter(ApplicationFilterChain.java:189)\r\n\tat org.apache.catalina.core.ApplicationFilterChain.doFilter(ApplicationFilterChain.java:162)\r\n\tat org.springframework.web.filter.RequestContextFilter.doFilterInternal(RequestContextFilter.java:100)\r\n\tat org.springframework.web.filter.OncePerRequestFilter.doFilter(OncePerRequestFilter.java:117)\r\n\tat org.apache.catalina.core.ApplicationFilterChain.internalDoFilter(ApplicationFilterChain.java:189)\r\n\tat org.apache.catalina.core.ApplicationFilterChain.doFilter(ApplicationFilterChain.java:162)\r\n\tat org.springframework.web.filter.FormContentFilter.doFilterInternal(FormContentFilter.java:93)\r\n\tat org.springframework.web.filter.OncePerRequestFilter.doFilter(OncePerRequestFilter.java:117)\r\n\tat org.apache.catalina.core.ApplicationFilterChain.internalDoFilter(ApplicationFilterChain.java:189)\r\n\tat org.apache.catalina.core.ApplicationFilterChain.doFilter(ApplicationFilterChain.java:162)\r\n\tat org.springframework.web.filter.CharacterEncodingFilter.doFilterInternal(CharacterEncodingFilter.java:201)\r\n\tat org.springframework.web.filter.OncePerRequestFilter.doFilter(OncePerRequestFilter.java:117)\r\n\tat org.apache.catalina.core.ApplicationFilterChain.internalDoFilter(ApplicationFilterChain.java:189)\r\n\tat org.apache.catalina.core.ApplicationFilterChain.doFilter(ApplicationFilterChain.java:162)\r\n\tat org.apache.catalina.core.StandardWrapperValve.invoke(StandardWrapperValve.java:177)\r\n\tat org.apache.catalina.core.StandardContextValve.invoke(StandardContextValve.java:97)\r\n\tat org.apache.catalina.authenticator.AuthenticatorBase.invoke(AuthenticatorBase.java:541)\r\n\tat org.apache.catalina.core.StandardHostValve.invoke(StandardHostValve.java:135)\r\n\tat org.apache.catalina.valves.ErrorReportValve.invoke(ErrorReportValve.java:92)\r\n\tat org.apache.catalina.core.StandardEngineValve.invoke(StandardEngineValve.java:78)\r\n\tat org.apache.catalina.connector.CoyoteAdapter.service(CoyoteAdapter.java:360)\r\n\tat org.apache.coyote.http11.Http11Processor.service(Http11Processor.java:399)\r\n\tat org.apache.coyote.AbstractProcessorLight.process(AbstractProcessorLight.java:65)\r\n\tat org.apache.coyote.AbstractProtocol$ConnectionHandler.process(AbstractProtocol.java:891)\r\n\tat org.apache.tomcat.util.net.NioEndpoint$SocketProcessor.doRun(NioEndpoint.java:1784)\r\n\tat org.apache.tomcat.util.net.SocketProcessorBase.run(SocketProcessorBase.java:49)\r\n\tat org.apache.tomcat.util.threads.ThreadPoolExecutor.runWorker(ThreadPoolExecutor.java:1191)\r\n\tat org.apache.tomcat.util.threads.ThreadPoolExecutor$Worker.run(ThreadPoolExecutor.java:659)\r\n\tat org.apache.tomcat.util.threads.TaskThread$WrappingRunnable.run(TaskThread.java:61)\r\n\tat java.base/java.lang.Thread.run(Thread.java:833)\r\n","message":"No value present","path":"/new-review"}"]
2023-03-26 14:18:03,521 INFO com.tokioschool.web.controller.ControllerFilm [http-nio-8080-exec-2] Procedemos a mandar la solicitud
2023-03-26 14:18:06,524 WARN org.springframework.web.servlet.handler.AbstractHandlerExceptionResolver [http-nio-8080-exec-2] Resolved [org.springframework.web.client.ResourceAccessException: I/O error on GET request for "http://localhost:8089/review/13": Read timed out; nested exception is java.net.SocketTimeoutException: Read timed out]
2023-03-26 14:19:31,893 INFO com.tokioschool.web.controller.ControllerFilm [http-nio-8080-exec-1] Procedemos a mandar la solicitud
2023-03-26 14:19:34,898 WARN org.springframework.web.servlet.handler.AbstractHandlerExceptionResolver [http-nio-8080-exec-1] Resolved [org.springframework.web.client.ResourceAccessException: I/O error on GET request for "http://localhost:8089/review/13": Read timed out; nested exception is java.net.SocketTimeoutException: Read timed out]
2023-03-26 14:20:04,530 INFO com.tokioschool.web.controller.ControllerFilm [http-nio-8080-exec-6] Procedemos a mandar la solicitud
2023-03-26 14:20:07,545 WARN org.springframework.web.servlet.handler.AbstractHandlerExceptionResolver [http-nio-8080-exec-6] Resolved [org.springframework.web.client.ResourceAccessException: I/O error on GET request for "http://localhost:8089/review/13": Read timed out; nested exception is java.net.SocketTimeoutException: Read timed out]
2023-03-26 14:20:36,796 INFO com.tokioschool.web.controller.ControllerFilm [http-nio-8080-exec-3] Procedemos a mandar la solicitud
2023-03-26 14:20:36,807 INFO com.tokioschool.web.controller.ControllerFilm [http-nio-8080-exec-3] recibimos la solicitud en el response
2023-03-26 14:20:52,600 WARN org.springframework.web.servlet.handler.AbstractHandlerExceptionResolver [http-nio-8080-exec-6] Resolved [org.springframework.web.client.ResourceAccessException: I/O error on POST request for "http://localhost:8089/new-review": Read timed out; nested exception is java.net.SocketTimeoutException: Read timed out]
2023-03-26 14:34:57,669 INFO com.tokioschool.web.controller.ControllerFilm [http-nio-8080-exec-10] Procedemos a mandar la solicitud
2023-03-26 14:34:57,863 INFO com.tokioschool.web.controller.ControllerFilm [http-nio-8080-exec-10] recibimos la solicitud en el response
2023-03-26 14:35:04,852 INFO com.tokioschool.web.controller.ControllerFilm [http-nio-8080-exec-3] Procedemos a mandar la solicitud
2023-03-26 14:35:04,887 INFO com.tokioschool.web.controller.ControllerFilm [http-nio-8080-exec-3] recibimos la solicitud en el response
2023-03-26 14:35:13,040 INFO com.tokioschool.web.controller.ControllerFilm [http-nio-8080-exec-10] Procedemos a mandar la solicitud
2023-03-26 14:35:13,062 INFO com.tokioschool.web.controller.ControllerFilm [http-nio-8080-exec-10] recibimos la solicitud en el response
2023-03-26 14:35:19,858 INFO com.tokioschool.web.controller.ControllerFilm [http-nio-8080-exec-1] Procedemos a mandar la solicitud
2023-03-26 14:35:19,879 INFO com.tokioschool.web.controller.ControllerFilm [http-nio-8080-exec-1] recibimos la solicitud en el response
2023-03-26 14:35:35,773 INFO com.tokioschool.web.util.HelperRest [http-nio-8080-exec-7] No hay token procedemos a solicitar uno
2023-03-26 14:35:35,785 INFO com.tokioschool.web.util.HelperRest [http-nio-8080-exec-7] Token Generado
2023-03-26 14:35:35,786 INFO com.tokioschool.web.controller.ControllerFilm [http-nio-8080-exec-7] Procedemos a mandar la solicitud
2023-03-26 14:35:35,802 INFO com.tokioschool.web.controller.ControllerFilm [http-nio-8080-exec-7] recibimos la solicitud en el response
2023-03-26 14:35:38,557 INFO com.tokioschool.web.controller.ControllerFilm [http-nio-8080-exec-5] **************************save film**************************************
2023-03-26 14:35:38,570 INFO com.tokioschool.web.controller.ControllerFilm [http-nio-8080-exec-4] Procedemos a mandar la solicitud
2023-03-26 14:35:38,585 INFO com.tokioschool.web.controller.ControllerFilm [http-nio-8080-exec-4] recibimos la solicitud en el response
2023-03-26 14:35:42,390 INFO com.tokioschool.web.controller.ControllerFilm [http-nio-8080-exec-2] Procedemos a mandar la solicitud
2023-03-26 14:35:42,410 INFO com.tokioschool.web.controller.ControllerFilm [http-nio-8080-exec-2] recibimos la solicitud en el response
2023-03-26 16:10:52,784 WARN com.zaxxer.hikari.pool.HikariPool$HouseKeeper [HikariPool-1 housekeeper] HikariPool-1 - Thread starvation or clock leap detected (housekeeper delta=1h27m9s64ms676µs700ns).
2023-03-26 17:06:36,580 WARN com.zaxxer.hikari.pool.HikariPool$HouseKeeper [HikariPool-1 housekeeper] HikariPool-1 - Thread starvation or clock leap detected (housekeeper delta=18m43s164ms795µs100ns).
2023-03-26 17:07:20,394 INFO org.springframework.boot.admin.SpringApplicationAdminMXBeanRegistrar$SpringApplicationAdmin [RMI TCP Connection(77)-127.0.0.1] Application shutdown requested.
2023-03-26 17:07:20,400 INFO org.apache.juli.logging.DirectJDKLog [RMI TCP Connection(77)-127.0.0.1] Pausing ProtocolHandler ["http-nio-8080"]
2023-03-26 17:07:20,400 INFO org.apache.juli.logging.DirectJDKLog [RMI TCP Connection(77)-127.0.0.1] Stopping service [Tomcat]
2023-03-26 17:07:20,401 INFO org.apache.juli.logging.DirectJDKLog [RMI TCP Connection(77)-127.0.0.1] Destroying Spring FrameworkServlet 'dispatcherServlet'
2023-03-26 17:07:20,407 INFO org.apache.juli.logging.DirectJDKLog [RMI TCP Connection(77)-127.0.0.1] Stopping ProtocolHandler ["http-nio-8080"]
2023-03-26 17:07:20,408 INFO org.apache.juli.logging.DirectJDKLog [RMI TCP Connection(77)-127.0.0.1] Destroying ProtocolHandler ["http-nio-8080"]
2023-03-26 17:07:20,413 INFO org.springframework.orm.jpa.AbstractEntityManagerFactoryBean [RMI TCP Connection(77)-127.0.0.1] Closing JPA EntityManagerFactory for persistence unit 'default'
2023-03-26 17:07:20,416 INFO com.zaxxer.hikari.HikariDataSource [RMI TCP Connection(77)-127.0.0.1] HikariPool-1 - Shutdown initiated...
2023-03-26 17:07:20,419 INFO com.zaxxer.hikari.HikariDataSource [RMI TCP Connection(77)-127.0.0.1] HikariPool-1 - Shutdown completed.
2023-03-26 19:07:52,866 INFO org.springframework.boot.StartupInfoLogger [restartedMain] Starting ProyectoApplication using Java 17.0.3.1 on DESKTOP-U83I70G with PID 13148 (E:\springboot\proyecto\target\classes started by jsusi in E:\springboot\proyecto)
2023-03-26 19:07:52,874 INFO org.springframework.boot.SpringApplication [restartedMain] No active profile set, falling back to 1 default profile: "default"
2023-03-26 19:07:52,910 INFO org.springframework.boot.logging.DeferredLog [restartedMain] Devtools property defaults active! Set 'spring.devtools.add-properties' to 'false' to disable
2023-03-26 19:07:52,911 INFO org.springframework.boot.logging.DeferredLog [restartedMain] For additional web related logging consider setting the 'logging.level.web' property to 'DEBUG'
2023-03-26 19:07:53,763 INFO org.springframework.data.repository.config.RepositoryConfigurationDelegate [restartedMain] Multiple Spring Data modules found, entering strict repository configuration mode
2023-03-26 19:07:53,764 INFO org.springframework.data.repository.config.RepositoryConfigurationDelegate [restartedMain] Bootstrapping Spring Data JDBC repositories in DEFAULT mode.
2023-03-26 19:07:53,784 INFO org.springframework.data.repository.config.RepositoryConfigurationExtensionSupport [restartedMain] Spring Data JDBC - Could not safely identify store assignment for repository candidate interface com.tokioschool.web.repository.FilmRepository; If you want this repository to be a JDBC repository, consider annotating your entities with one of these annotations: org.springframework.data.relational.core.mapping.Table.
2023-03-26 19:07:53,785 INFO org.springframework.data.repository.config.RepositoryConfigurationExtensionSupport [restartedMain] Spring Data JDBC - Could not safely identify store assignment for repository candidate interface com.tokioschool.web.repository.PersonRepository; If you want this repository to be a JDBC repository, consider annotating your entities with one of these annotations: org.springframework.data.relational.core.mapping.Table.
2023-03-26 19:07:53,786 INFO org.springframework.data.repository.config.RepositoryConfigurationExtensionSupport [restartedMain] Spring Data JDBC - Could not safely identify store assignment for repository candidate interface com.tokioschool.web.repository.ReviewRepository; If you want this repository to be a JDBC repository, consider annotating your entities with one of these annotations: org.springframework.data.relational.core.mapping.Table.
2023-03-26 19:07:53,788 INFO org.springframework.data.repository.config.RepositoryConfigurationExtensionSupport [restartedMain] Spring Data JDBC - Could not safely identify store assignment for repository candidate interface com.tokioschool.web.repository.RoleRepository; If you want this repository to be a JDBC repository, consider annotating your entities with one of these annotations: org.springframework.data.relational.core.mapping.Table.
2023-03-26 19:07:53,789 INFO org.springframework.data.repository.config.RepositoryConfigurationExtensionSupport [restartedMain] Spring Data JDBC - Could not safely identify store assignment for repository candidate interface com.tokioschool.web.repository.ScoreRepository; If you want this repository to be a JDBC repository, consider annotating your entities with one of these annotations: org.springframework.data.relational.core.mapping.Table.
2023-03-26 19:07:53,790 INFO org.springframework.data.repository.config.RepositoryConfigurationExtensionSupport [restartedMain] Spring Data JDBC - Could not safely identify store assignment for repository candidate interface com.tokioschool.web.repository.UserRepository; If you want this repository to be a JDBC repository, consider annotating your entities with one of these annotations: org.springframework.data.relational.core.mapping.Table.
2023-03-26 19:07:53,791 INFO org.springframework.data.repository.config.RepositoryConfigurationDelegate [restartedMain] Finished Spring Data repository scanning in 23 ms. Found 0 JDBC repository interfaces.
2023-03-26 19:07:53,796 INFO org.springframework.data.repository.config.RepositoryConfigurationDelegate [restartedMain] Multiple Spring Data modules found, entering strict repository configuration mode
2023-03-26 19:07:53,797 INFO org.springframework.data.repository.config.RepositoryConfigurationDelegate [restartedMain] Bootstrapping Spring Data JPA repositories in DEFAULT mode.
2023-03-26 19:07:53,824 INFO org.springframework.data.repository.config.RepositoryConfigurationDelegate [restartedMain] Finished Spring Data repository scanning in 23 ms. Found 6 JPA repository interfaces.
2023-03-26 19:07:54,271 INFO org.springframework.boot.web.embedded.tomcat.TomcatWebServer [restartedMain] Tomcat initialized with port(s): 8080 (http)
2023-03-26 19:07:54,280 INFO org.apache.juli.logging.DirectJDKLog [restartedMain] Initializing ProtocolHandler ["http-nio-8080"]
2023-03-26 19:07:54,280 INFO org.apache.juli.logging.DirectJDKLog [restartedMain] Starting service [Tomcat]
2023-03-26 19:07:54,281 INFO org.apache.juli.logging.DirectJDKLog [restartedMain] Starting Servlet engine: [Apache Tomcat/9.0.69]
2023-03-26 19:07:54,359 INFO org.apache.juli.logging.DirectJDKLog [restartedMain] Initializing Spring embedded WebApplicationContext
2023-03-26 19:07:54,359 INFO org.springframework.boot.web.servlet.context.ServletWebServerApplicationContext [restartedMain] Root WebApplicationContext: initialization completed in 1448 ms
2023-03-26 19:07:54,591 INFO org.hibernate.jpa.internal.util.LogHelper [restartedMain] HHH000204: Processing PersistenceUnitInfo [name: default]
2023-03-26 19:07:54,632 INFO org.hibernate.Version [restartedMain] HHH000412: Hibernate ORM core version 5.6.14.Final
2023-03-26 19:07:54,744 INFO org.hibernate.annotations.common.reflection.java.JavaReflectionManager [restartedMain] HCANN000001: Hibernate Commons Annotations {5.1.2.Final}
2023-03-26 19:07:54,823 INFO com.zaxxer.hikari.HikariDataSource [restartedMain] HikariPool-1 - Starting...
2023-03-26 19:07:54,940 INFO com.zaxxer.hikari.HikariDataSource [restartedMain] HikariPool-1 - Start completed.
2023-03-26 19:07:54,962 INFO org.hibernate.dialect.Dialect [restartedMain] HHH000400: Using dialect: org.hibernate.dialect.MySQL55Dialect
2023-03-26 19:07:55,561 INFO org.hibernate.engine.transaction.jta.platform.internal.JtaPlatformInitiator [restartedMain] HHH000490: Using JtaPlatform implementation: [org.hibernate.engine.transaction.jta.platform.internal.NoJtaPlatform]
2023-03-26 19:07:55,567 INFO org.springframework.orm.jpa.AbstractEntityManagerFactoryBean [restartedMain] Initialized JPA EntityManagerFactory for persistence unit 'default'
2023-03-26 19:07:56,011 WARN org.springframework.boot.autoconfigure.orm.jpa.JpaBaseConfiguration$JpaWebConfiguration [restartedMain] spring.jpa.open-in-view is enabled by default. Therefore, database queries may be performed during view rendering. Explicitly configure spring.jpa.open-in-view to disable this warning
2023-03-26 19:07:56,025 INFO com.tokioschool.web.config.FilmImageConfig [restartedMain] Comprobamos existencia directorio
2023-03-26 19:07:56,181 WARN org.springframework.security.config.annotation.web.builders.WebSecurity [restartedMain] You are asking Spring Security to ignore Ant [pattern='/resources/**']. This is not recommended -- please use permitAll via HttpSecurity#authorizeHttpRequests instead.
2023-03-26 19:07:56,182 INFO org.springframework.security.web.DefaultSecurityFilterChain [restartedMain] Will not secure Ant [pattern='/resources/**']
2023-03-26 19:07:56,182 WARN org.springframework.security.config.annotation.web.builders.WebSecurity [restartedMain] You are asking Spring Security to ignore Ant [pattern='/static/**']. This is not recommended -- please use permitAll via HttpSecurity#authorizeHttpRequests instead.
2023-03-26 19:07:56,182 INFO org.springframework.security.web.DefaultSecurityFilterChain [restartedMain] Will not secure Ant [pattern='/static/**']
2023-03-26 19:07:56,182 WARN org.springframework.security.config.annotation.web.builders.WebSecurity [restartedMain] You are asking Spring Security to ignore Ant [pattern='/templates/**']. This is not recommended -- please use permitAll via HttpSecurity#authorizeHttpRequests instead.
2023-03-26 19:07:56,182 INFO org.springframework.security.web.DefaultSecurityFilterChain [restartedMain] Will not secure Ant [pattern='/templates/**']
2023-03-26 19:07:56,182 WARN org.springframework.security.config.annotation.web.builders.WebSecurity [restartedMain] You are asking Spring Security to ignore Ant [pattern='/css/**']. This is not recommended -- please use permitAll via HttpSecurity#authorizeHttpRequests instead.
2023-03-26 19:07:56,183 INFO org.springframework.security.web.DefaultSecurityFilterChain [restartedMain] Will not secure Ant [pattern='/css/**']
2023-03-26 19:07:56,183 WARN org.springframework.security.config.annotation.web.builders.WebSecurity [restartedMain] You are asking Spring Security to ignore Ant [pattern='/js/**']. This is not recommended -- please use permitAll via HttpSecurity#authorizeHttpRequests instead.
2023-03-26 19:07:56,183 INFO org.springframework.security.web.DefaultSecurityFilterChain [restartedMain] Will not secure Ant [pattern='/js/**']
2023-03-26 19:07:56,183 WARN org.springframework.security.config.annotation.web.builders.WebSecurity [restartedMain] You are asking Spring Security to ignore Ant [pattern='/images/**']. This is not recommended -- please use permitAll via HttpSecurity#authorizeHttpRequests instead.
2023-03-26 19:07:56,183 INFO org.springframework.security.web.DefaultSecurityFilterChain [restartedMain] Will not secure Ant [pattern='/images/**']
2023-03-26 19:07:56,183 WARN org.springframework.security.config.annotation.web.builders.WebSecurity [restartedMain] You are asking Spring Security to ignore Ant [pattern='/fonts/**']. This is not recommended -- please use permitAll via HttpSecurity#authorizeHttpRequests instead.
2023-03-26 19:07:56,183 INFO org.springframework.security.web.DefaultSecurityFilterChain [restartedMain] Will not secure Ant [pattern='/fonts/**']
2023-03-26 19:07:56,183 WARN org.springframework.security.config.annotation.web.builders.WebSecurity [restartedMain] You are asking Spring Security to ignore Ant [pattern='/webjars/**']. This is not recommended -- please use permitAll via HttpSecurity#authorizeHttpRequests instead.
2023-03-26 19:07:56,183 INFO org.springframework.security.web.DefaultSecurityFilterChain [restartedMain] Will not secure Ant [pattern='/webjars/**']
2023-03-26 19:07:56,183 WARN org.springframework.security.config.annotation.web.builders.WebSecurity [restartedMain] You are asking Spring Security to ignore Ant [pattern='/error/**']. This is not recommended -- please use permitAll via HttpSecurity#authorizeHttpRequests instead.
2023-03-26 19:07:56,183 INFO org.springframework.security.web.DefaultSecurityFilterChain [restartedMain] Will not secure Ant [pattern='/error/**']
2023-03-26 19:07:56,219 INFO org.springframework.security.web.DefaultSecurityFilterChain [restartedMain] Will secure any request with [org.springframework.security.web.session.DisableEncodeUrlFilter@5c70de42, org.springframework.security.web.context.request.async.WebAsyncManagerIntegrationFilter@48b973e, org.springframework.security.web.context.SecurityContextPersistenceFilter@1b2c1ef, org.springframework.security.web.header.HeaderWriterFilter@6413eb45, org.springframework.security.web.csrf.CsrfFilter@368a33ca, org.springframework.security.web.authentication.logout.LogoutFilter@3c76ea82, org.springframework.security.web.authentication.UsernamePasswordAuthenticationFilter@424175ad, org.springframework.security.web.savedrequest.RequestCacheAwareFilter@24d6af28, org.springframework.security.web.servletapi.SecurityContextHolderAwareRequestFilter@67c1e433, org.springframework.security.web.authentication.AnonymousAuthenticationFilter@4dae761f, org.springframework.security.web.session.SessionManagementFilter@13c36c84, org.springframework.security.web.access.ExceptionTranslationFilter@44b79d43, org.springframework.security.web.access.intercept.FilterSecurityInterceptor@2de92f58]
2023-03-26 19:07:56,292 INFO org.springframework.boot.autoconfigure.web.servlet.WelcomePageHandlerMapping [restartedMain] Adding welcome page template: index
2023-03-26 19:07:56,580 WARN org.springframework.boot.devtools.autoconfigure.OptionalLiveReloadServer [restartedMain] Unable to start LiveReload server
2023-03-26 19:07:56,583 INFO org.springframework.boot.actuate.endpoint.web.EndpointLinksResolver [restartedMain] Exposing 1 endpoint(s) beneath base path '/actuator'
2023-03-26 19:07:56,607 INFO org.apache.juli.logging.DirectJDKLog [restartedMain] Starting ProtocolHandler ["http-nio-8080"]
2023-03-26 19:07:56,626 INFO org.springframework.boot.web.embedded.tomcat.TomcatWebServer [restartedMain] Tomcat started on port(s): 8080 (http) with context path ''
2023-03-26 19:07:56,639 INFO org.springframework.boot.StartupInfoLogger [restartedMain] Started ProyectoApplication in 4.072 seconds (JVM running for 4.526)
2023-03-26 19:07:57,604 INFO org.apache.juli.logging.DirectJDKLog [RMI TCP Connection(4)-127.0.0.1] Initializing Spring DispatcherServlet 'dispatcherServlet'
2023-03-26 19:07:57,605 INFO org.springframework.web.servlet.FrameworkServlet [RMI TCP Connection(4)-127.0.0.1] Initializing Servlet 'dispatcherServlet'
2023-03-26 19:07:57,606 INFO org.springframework.web.servlet.FrameworkServlet [RMI TCP Connection(4)-127.0.0.1] Completed initialization in 1 ms
2023-03-26 19:08:28,425 INFO com.tokioschool.web.util.HelperRest [http-nio-8080-exec-6] No hay token procedemos a solicitar uno
2023-03-26 19:08:28,547 WARN org.springframework.web.servlet.handler.AbstractHandlerExceptionResolver [http-nio-8080-exec-6] Resolved [org.springframework.web.client.HttpClientErrorException$Forbidden: 403 : [no body]]
2023-03-26 19:09:40,414 INFO com.tokioschool.web.util.HelperRest [http-nio-8080-exec-3] No hay token procedemos a solicitar uno
2023-03-26 19:09:40,526 INFO com.tokioschool.web.util.HelperRest [http-nio-8080-exec-3] Token Generado
2023-03-26 19:09:40,527 INFO com.tokioschool.web.controller.ControllerFilm [http-nio-8080-exec-3] Procedemos a mandar la solicitud
2023-03-26 19:09:40,657 INFO com.tokioschool.web.controller.ControllerFilm [http-nio-8080-exec-3] recibimos la solicitud en el response
2023-03-26 19:09:47,897 INFO com.tokioschool.web.controller.ControllerFilm [http-nio-8080-exec-2] Procedemos a mandar la solicitud
2023-03-26 19:09:47,919 INFO com.tokioschool.web.controller.ControllerFilm [http-nio-8080-exec-2] recibimos la solicitud en el response
2023-03-26 19:10:35,462 INFO org.springframework.boot.admin.SpringApplicationAdminMXBeanRegistrar$SpringApplicationAdmin [RMI TCP Connection(10)-127.0.0.1] Application shutdown requested.
2023-03-26 19:10:35,468 INFO org.apache.juli.logging.DirectJDKLog [RMI TCP Connection(10)-127.0.0.1] Pausing ProtocolHandler ["http-nio-8080"]
2023-03-26 19:10:35,468 INFO org.apache.juli.logging.DirectJDKLog [RMI TCP Connection(10)-127.0.0.1] Stopping service [Tomcat]
2023-03-26 19:10:35,469 INFO org.apache.juli.logging.DirectJDKLog [RMI TCP Connection(10)-127.0.0.1] Destroying Spring FrameworkServlet 'dispatcherServlet'
2023-03-26 19:10:35,472 INFO org.apache.juli.logging.DirectJDKLog [RMI TCP Connection(10)-127.0.0.1] Stopping ProtocolHandler ["http-nio-8080"]
2023-03-26 19:10:35,474 INFO org.apache.juli.logging.DirectJDKLog [RMI TCP Connection(10)-127.0.0.1] Destroying ProtocolHandler ["http-nio-8080"]
2023-03-26 19:10:35,480 INFO org.springframework.orm.jpa.AbstractEntityManagerFactoryBean [RMI TCP Connection(10)-127.0.0.1] Closing JPA EntityManagerFactory for persistence unit 'default'
2023-03-26 19:10:35,482 INFO com.zaxxer.hikari.HikariDataSource [RMI TCP Connection(10)-127.0.0.1] HikariPool-1 - Shutdown initiated...
2023-03-26 19:10:35,487 INFO com.zaxxer.hikari.HikariDataSource [RMI TCP Connection(10)-127.0.0.1] HikariPool-1 - Shutdown completed.
2023-03-26 19:13:07,439 INFO org.springframework.boot.StartupInfoLogger [restartedMain] Starting ProyectoApplication using Java 17.0.3.1 on DESKTOP-U83I70G with PID 992 (E:\springboot\proyecto\target\classes started by jsusi in E:\springboot\proyecto)
2023-03-26 19:13:07,440 INFO org.springframework.boot.SpringApplication [restartedMain] No active profile set, falling back to 1 default profile: "default"
2023-03-26 19:13:07,475 INFO org.springframework.boot.logging.DeferredLog [restartedMain] Devtools property defaults active! Set 'spring.devtools.add-properties' to 'false' to disable
2023-03-26 19:13:07,475 INFO org.springframework.boot.logging.DeferredLog [restartedMain] For additional web related logging consider setting the 'logging.level.web' property to 'DEBUG'
2023-03-26 19:13:08,099 INFO org.springframework.data.repository.config.RepositoryConfigurationDelegate [restartedMain] Multiple Spring Data modules found, entering strict repository configuration mode
2023-03-26 19:13:08,101 INFO org.springframework.data.repository.config.RepositoryConfigurationDelegate [restartedMain] Bootstrapping Spring Data JDBC repositories in DEFAULT mode.
2023-03-26 19:13:08,122 INFO org.springframework.data.repository.config.RepositoryConfigurationExtensionSupport [restartedMain] Spring Data JDBC - Could not safely identify store assignment for repository candidate interface com.tokioschool.web.repository.FilmRepository; If you want this repository to be a JDBC repository, consider annotating your entities with one of these annotations: org.springframework.data.relational.core.mapping.Table.
2023-03-26 19:13:08,123 INFO org.springframework.data.repository.config.RepositoryConfigurationExtensionSupport [restartedMain] Spring Data JDBC - Could not safely identify store assignment for repository candidate interface com.tokioschool.web.repository.PersonRepository; If you want this repository to be a JDBC repository, consider annotating your entities with one of these annotations: org.springframework.data.relational.core.mapping.Table.
2023-03-26 19:13:08,124 INFO org.springframework.data.repository.config.RepositoryConfigurationExtensionSupport [restartedMain] Spring Data JDBC - Could not safely identify store assignment for repository candidate interface com.tokioschool.web.repository.ReviewRepository; If you want this repository to be a JDBC repository, consider annotating your entities with one of these annotations: org.springframework.data.relational.core.mapping.Table.
2023-03-26 19:13:08,125 INFO org.springframework.data.repository.config.RepositoryConfigurationExtensionSupport [restartedMain] Spring Data JDBC - Could not safely identify store assignment for repository candidate interface com.tokioschool.web.repository.RoleRepository; If you want this repository to be a JDBC repository, consider annotating your entities with one of these annotations: org.springframework.data.relational.core.mapping.Table.
2023-03-26 19:13:08,126 INFO org.springframework.data.repository.config.RepositoryConfigurationExtensionSupport [restartedMain] Spring Data JDBC - Could not safely identify store assignment for repository candidate interface com.tokioschool.web.repository.ScoreRepository; If you want this repository to be a JDBC repository, consider annotating your entities with one of these annotations: org.springframework.data.relational.core.mapping.Table.
2023-03-26 19:13:08,127 INFO org.springframework.data.repository.config.RepositoryConfigurationExtensionSupport [restartedMain] Spring Data JDBC - Could not safely identify store assignment for repository candidate interface com.tokioschool.web.repository.UserRepository; If you want this repository to be a JDBC repository, consider annotating your entities with one of these annotations: org.springframework.data.relational.core.mapping.Table.
2023-03-26 19:13:08,127 INFO org.springframework.data.repository.config.RepositoryConfigurationDelegate [restartedMain] Finished Spring Data repository scanning in 23 ms. Found 0 JDBC repository interfaces.
2023-03-26 19:13:08,135 INFO org.springframework.data.repository.config.RepositoryConfigurationDelegate [restartedMain] Multiple Spring Data modules found, entering strict repository configuration mode
2023-03-26 19:13:08,136 INFO org.springframework.data.repository.config.RepositoryConfigurationDelegate [restartedMain] Bootstrapping Spring Data JPA repositories in DEFAULT mode.
2023-03-26 19:13:08,164 INFO org.springframework.data.repository.config.RepositoryConfigurationDelegate [restartedMain] Finished Spring Data repository scanning in 24 ms. Found 6 JPA repository interfaces.
2023-03-26 19:13:08,586 INFO org.springframework.boot.web.embedded.tomcat.TomcatWebServer [restartedMain] Tomcat initialized with port(s): 8080 (http)
2023-03-26 19:13:08,593 INFO org.apache.juli.logging.DirectJDKLog [restartedMain] Initializing ProtocolHandler ["http-nio-8080"]
2023-03-26 19:13:08,593 INFO org.apache.juli.logging.DirectJDKLog [restartedMain] Starting service [Tomcat]
2023-03-26 19:13:08,594 INFO org.apache.juli.logging.DirectJDKLog [restartedMain] Starting Servlet engine: [Apache Tomcat/9.0.69]
2023-03-26 19:13:08,683 INFO org.apache.juli.logging.DirectJDKLog [restartedMain] Initializing Spring embedded WebApplicationContext
2023-03-26 19:13:08,683 INFO org.springframework.boot.web.servlet.context.ServletWebServerApplicationContext [restartedMain] Root WebApplicationContext: initialization completed in 1207 ms
2023-03-26 19:13:08,911 INFO org.hibernate.jpa.internal.util.LogHelper [restartedMain] HHH000204: Processing PersistenceUnitInfo [name: default]
2023-03-26 19:13:08,947 INFO org.hibernate.Version [restartedMain] HHH000412: Hibernate ORM core version 5.6.14.Final
2023-03-26 19:13:09,068 INFO org.hibernate.annotations.common.reflection.java.JavaReflectionManager [restartedMain] HCANN000001: Hibernate Commons Annotations {5.1.2.Final}
2023-03-26 19:13:09,146 INFO com.zaxxer.hikari.HikariDataSource [restartedMain] HikariPool-1 - Starting...
2023-03-26 19:13:09,256 INFO com.zaxxer.hikari.HikariDataSource [restartedMain] HikariPool-1 - Start completed.
2023-03-26 19:13:09,275 INFO org.hibernate.dialect.Dialect [restartedMain] HHH000400: Using dialect: org.hibernate.dialect.MySQL55Dialect
2023-03-26 19:13:09,852 INFO org.hibernate.engine.transaction.jta.platform.internal.JtaPlatformInitiator [restartedMain] HHH000490: Using JtaPlatform implementation: [org.hibernate.engine.transaction.jta.platform.internal.NoJtaPlatform]
2023-03-26 19:13:09,858 INFO org.springframework.orm.jpa.AbstractEntityManagerFactoryBean [restartedMain] Initialized JPA EntityManagerFactory for persistence unit 'default'
2023-03-26 19:13:10,294 WARN org.springframework.boot.autoconfigure.orm.jpa.JpaBaseConfiguration$JpaWebConfiguration [restartedMain] spring.jpa.open-in-view is enabled by default. Therefore, database queries may be performed during view rendering. Explicitly configure spring.jpa.open-in-view to disable this warning
2023-03-26 19:13:10,308 INFO com.tokioschool.web.config.FilmImageConfig [restartedMain] Comprobamos existencia directorio
2023-03-26 19:13:10,462 WARN org.springframework.security.config.annotation.web.builders.WebSecurity [restartedMain] You are asking Spring Security to ignore Ant [pattern='/resources/**']. This is not recommended -- please use permitAll via HttpSecurity#authorizeHttpRequests instead.
2023-03-26 19:13:10,463 INFO org.springframework.security.web.DefaultSecurityFilterChain [restartedMain] Will not secure Ant [pattern='/resources/**']
2023-03-26 19:13:10,463 WARN org.springframework.security.config.annotation.web.builders.WebSecurity [restartedMain] You are asking Spring Security to ignore Ant [pattern='/static/**']. This is not recommended -- please use permitAll via HttpSecurity#authorizeHttpRequests instead.
2023-03-26 19:13:10,463 INFO org.springframework.security.web.DefaultSecurityFilterChain [restartedMain] Will not secure Ant [pattern='/static/**']
2023-03-26 19:13:10,463 WARN org.springframework.security.config.annotation.web.builders.WebSecurity [restartedMain] You are asking Spring Security to ignore Ant [pattern='/templates/**']. This is not recommended -- please use permitAll via HttpSecurity#authorizeHttpRequests instead.
2023-03-26 19:13:10,468 INFO org.springframework.security.web.DefaultSecurityFilterChain [restartedMain] Will not secure Ant [pattern='/templates/**']
2023-03-26 19:13:10,468 WARN org.springframework.security.config.annotation.web.builders.WebSecurity [restartedMain] You are asking Spring Security to ignore Ant [pattern='/css/**']. This is not recommended -- please use permitAll via HttpSecurity#authorizeHttpRequests instead.
2023-03-26 19:13:10,468 INFO org.springframework.security.web.DefaultSecurityFilterChain [restartedMain] Will not secure Ant [pattern='/css/**']
2023-03-26 19:13:10,469 WARN org.springframework.security.config.annotation.web.builders.WebSecurity [restartedMain] You are asking Spring Security to ignore Ant [pattern='/js/**']. This is not recommended -- please use permitAll via HttpSecurity#authorizeHttpRequests instead.
2023-03-26 19:13:10,469 INFO org.springframework.security.web.DefaultSecurityFilterChain [restartedMain] Will not secure Ant [pattern='/js/**']
2023-03-26 19:13:10,469 WARN org.springframework.security.config.annotation.web.builders.WebSecurity [restartedMain] You are asking Spring Security to ignore Ant [pattern='/images/**']. This is not recommended -- please use permitAll via HttpSecurity#authorizeHttpRequests instead.
2023-03-26 19:13:10,469 INFO org.springframework.security.web.DefaultSecurityFilterChain [restartedMain] Will not secure Ant [pattern='/images/**']
2023-03-26 19:13:10,469 WARN org.springframework.security.config.annotation.web.builders.WebSecurity [restartedMain] You are asking Spring Security to ignore Ant [pattern='/fonts/**']. This is not recommended -- please use permitAll via HttpSecurity#authorizeHttpRequests instead.
2023-03-26 19:13:10,469 INFO org.springframework.security.web.DefaultSecurityFilterChain [restartedMain] Will not secure Ant [pattern='/fonts/**']
2023-03-26 19:13:10,469 WARN org.springframework.security.config.annotation.web.builders.WebSecurity [restartedMain] You are asking Spring Security to ignore Ant [pattern='/webjars/**']. This is not recommended -- please use permitAll via HttpSecurity#authorizeHttpRequests instead.
2023-03-26 19:13:10,469 INFO org.springframework.security.web.DefaultSecurityFilterChain [restartedMain] Will not secure Ant [pattern='/webjars/**']
2023-03-26 19:13:10,469 WARN org.springframework.security.config.annotation.web.builders.WebSecurity [restartedMain] You are asking Spring Security to ignore Ant [pattern='/error/**']. This is not recommended -- please use permitAll via HttpSecurity#authorizeHttpRequests instead.
2023-03-26 19:13:10,469 INFO org.springframework.security.web.DefaultSecurityFilterChain [restartedMain] Will not secure Ant [pattern='/error/**']
2023-03-26 19:13:10,508 INFO org.springframework.security.web.DefaultSecurityFilterChain [restartedMain] Will secure any request with [org.springframework.security.web.session.DisableEncodeUrlFilter@625e2bef, org.springframework.security.web.context.request.async.WebAsyncManagerIntegrationFilter@7e17e590, org.springframework.security.web.context.SecurityContextPersistenceFilter@211af9d0, org.springframework.security.web.header.HeaderWriterFilter@8e6c45d, org.springframework.security.web.csrf.CsrfFilter@20056206, org.springframework.security.web.authentication.logout.LogoutFilter@74d413a, org.springframework.security.web.authentication.UsernamePasswordAuthenticationFilter@38e0d330, org.springframework.security.web.savedrequest.RequestCacheAwareFilter@3de4966c, org.springframework.security.web.servletapi.SecurityContextHolderAwareRequestFilter@7b176e49, org.springframework.security.web.authentication.AnonymousAuthenticationFilter@4050c031, org.springframework.security.web.session.SessionManagementFilter@73578801, org.springframework.security.web.access.ExceptionTranslationFilter@18aae3ea, org.springframework.security.web.access.intercept.FilterSecurityInterceptor@65da4e3]
2023-03-26 19:13:10,591 INFO org.springframework.boot.autoconfigure.web.servlet.WelcomePageHandlerMapping [restartedMain] Adding welcome page template: index
2023-03-26 19:13:10,877 WARN org.springframework.boot.devtools.autoconfigure.OptionalLiveReloadServer [restartedMain] Unable to start LiveReload server
2023-03-26 19:13:10,882 INFO org.springframework.boot.actuate.endpoint.web.EndpointLinksResolver [restartedMain] Exposing 1 endpoint(s) beneath base path '/actuator'
2023-03-26 19:13:10,905 INFO org.apache.juli.logging.DirectJDKLog [restartedMain] Starting ProtocolHandler ["http-nio-8080"]
2023-03-26 19:13:10,919 INFO org.springframework.boot.web.embedded.tomcat.TomcatWebServer [restartedMain] Tomcat started on port(s): 8080 (http) with context path ''
2023-03-26 19:13:10,932 INFO org.springframework.boot.StartupInfoLogger [restartedMain] Started ProyectoApplication in 3.767 seconds (JVM running for 4.198)
2023-03-26 19:13:12,100 INFO org.apache.juli.logging.DirectJDKLog [RMI TCP Connection(5)-127.0.0.1] Initializing Spring DispatcherServlet 'dispatcherServlet'
2023-03-26 19:13:12,101 INFO org.springframework.web.servlet.FrameworkServlet [RMI TCP Connection(5)-127.0.0.1] Initializing Servlet 'dispatcherServlet'
2023-03-26 19:13:12,102 INFO org.springframework.web.servlet.FrameworkServlet [RMI TCP Connection(5)-127.0.0.1] Completed initialization in 1 ms
2023-03-26 19:13:28,329 INFO com.tokioschool.web.util.HelperRest [http-nio-8080-exec-3] No hay token procedemos a solicitar uno
2023-03-26 19:13:28,368 WARN org.springframework.web.servlet.handler.AbstractHandlerExceptionResolver [http-nio-8080-exec-3] Resolved [org.springframework.web.client.HttpClientErrorException$Forbidden: 403 : [no body]]
2023-03-26 19:15:48,686 INFO com.tokioschool.web.util.HelperRest [http-nio-8080-exec-9] No hay token procedemos a solicitar uno
2023-03-26 19:15:48,701 INFO com.tokioschool.web.util.HelperRest [http-nio-8080-exec-9] Token Generado
2023-03-26 19:15:48,701 INFO com.tokioschool.web.controller.ControllerFilm [http-nio-8080-exec-9] Procedemos a mandar la solicitud
2023-03-26 19:15:48,735 INFO com.tokioschool.web.controller.ControllerFilm [http-nio-8080-exec-9] recibimos la solicitud en el response
2023-03-26 19:38:41,917 INFO org.springframework.boot.admin.SpringApplicationAdminMXBeanRegistrar$SpringApplicationAdmin [RMI TCP Connection(33)-127.0.0.1] Application shutdown requested.
2023-03-26 19:38:41,923 INFO org.apache.juli.logging.DirectJDKLog [RMI TCP Connection(33)-127.0.0.1] Pausing ProtocolHandler ["http-nio-8080"]
2023-03-26 19:38:41,924 INFO org.apache.juli.logging.DirectJDKLog [RMI TCP Connection(33)-127.0.0.1] Stopping service [Tomcat]
2023-03-26 19:38:41,925 INFO org.apache.juli.logging.DirectJDKLog [RMI TCP Connection(33)-127.0.0.1] Destroying Spring FrameworkServlet 'dispatcherServlet'
2023-03-26 19:38:41,929 INFO org.apache.juli.logging.DirectJDKLog [RMI TCP Connection(33)-127.0.0.1] Stopping ProtocolHandler ["http-nio-8080"]
2023-03-26 19:38:41,931 INFO org.apache.juli.logging.DirectJDKLog [RMI TCP Connection(33)-127.0.0.1] Destroying ProtocolHandler ["http-nio-8080"]
2023-03-26 19:38:41,937 INFO org.springframework.orm.jpa.AbstractEntityManagerFactoryBean [RMI TCP Connection(33)-127.0.0.1] Closing JPA EntityManagerFactory for persistence unit 'default'
2023-03-26 19:38:41,939 INFO com.zaxxer.hikari.HikariDataSource [RMI TCP Connection(33)-127.0.0.1] HikariPool-1 - Shutdown initiated...
2023-03-26 19:38:41,945 INFO com.zaxxer.hikari.HikariDataSource [RMI TCP Connection(33)-127.0.0.1] HikariPool-1 - Shutdown completed.
2023-03-26 23:57:56,612 INFO org.springframework.boot.StartupInfoLogger [restartedMain] Starting ProyectoApplication using Java 17.0.3.1 on DESKTOP-U83I70G with PID 2784 (E:\springboot\proyecto\target\classes started by jsusi in E:\springboot\proyecto)
2023-03-26 23:57:56,613 INFO org.springframework.boot.SpringApplication [restartedMain] No active profile set, falling back to 1 default profile: "default"
2023-03-26 23:57:56,645 INFO org.springframework.boot.logging.DeferredLog [restartedMain] Devtools property defaults active! Set 'spring.devtools.add-properties' to 'false' to disable
2023-03-26 23:57:56,646 INFO org.springframework.boot.logging.DeferredLog [restartedMain] For additional web related logging consider setting the 'logging.level.web' property to 'DEBUG'
2023-03-26 23:57:57,251 INFO org.springframework.data.repository.config.RepositoryConfigurationDelegate [restartedMain] Multiple Spring Data modules found, entering strict repository configuration mode
2023-03-26 23:57:57,252 INFO org.springframework.data.repository.config.RepositoryConfigurationDelegate [restartedMain] Bootstrapping Spring Data JDBC repositories in DEFAULT mode.
2023-03-26 23:57:57,272 INFO org.springframework.data.repository.config.RepositoryConfigurationExtensionSupport [restartedMain] Spring Data JDBC - Could not safely identify store assignment for repository candidate interface com.tokioschool.web.repository.FilmRepository; If you want this repository to be a JDBC repository, consider annotating your entities with one of these annotations: org.springframework.data.relational.core.mapping.Table.
2023-03-26 23:57:57,273 INFO org.springframework.data.repository.config.RepositoryConfigurationExtensionSupport [restartedMain] Spring Data JDBC - Could not safely identify store assignment for repository candidate interface com.tokioschool.web.repository.PersonRepository; If you want this repository to be a JDBC repository, consider annotating your entities with one of these annotations: org.springframework.data.relational.core.mapping.Table.
2023-03-26 23:57:57,274 INFO org.springframework.data.repository.config.RepositoryConfigurationExtensionSupport [restartedMain] Spring Data JDBC - Could not safely identify store assignment for repository candidate interface com.tokioschool.web.repository.ReviewRepository; If you want this repository to be a JDBC repository, consider annotating your entities with one of these annotations: org.springframework.data.relational.core.mapping.Table.
2023-03-26 23:57:57,274 INFO org.springframework.data.repository.config.RepositoryConfigurationExtensionSupport [restartedMain] Spring Data JDBC - Could not safely identify store assignment for repository candidate interface com.tokioschool.web.repository.RoleRepository; If you want this repository to be a JDBC repository, consider annotating your entities with one of these annotations: org.springframework.data.relational.core.mapping.Table.
2023-03-26 23:57:57,275 INFO org.springframework.data.repository.config.RepositoryConfigurationExtensionSupport [restartedMain] Spring Data JDBC - Could not safely identify store assignment for repository candidate interface com.tokioschool.web.repository.ScoreRepository; If you want this repository to be a JDBC repository, consider annotating your entities with one of these annotations: org.springframework.data.relational.core.mapping.Table.
2023-03-26 23:57:57,276 INFO org.springframework.data.repository.config.RepositoryConfigurationExtensionSupport [restartedMain] Spring Data JDBC - Could not safely identify store assignment for repository candidate interface com.tokioschool.web.repository.UserRepository; If you want this repository to be a JDBC repository, consider annotating your entities with one of these annotations: org.springframework.data.relational.core.mapping.Table.
2023-03-26 23:57:57,277 INFO org.springframework.data.repository.config.RepositoryConfigurationDelegate [restartedMain] Finished Spring Data repository scanning in 22 ms. Found 0 JDBC repository interfaces.
2023-03-26 23:57:57,283 INFO org.springframework.data.repository.config.RepositoryConfigurationDelegate [restartedMain] Multiple Spring Data modules found, entering strict repository configuration mode
2023-03-26 23:57:57,284 INFO org.springframework.data.repository.config.RepositoryConfigurationDelegate [restartedMain] Bootstrapping Spring Data JPA repositories in DEFAULT mode.
2023-03-26 23:57:57,310 INFO org.springframework.data.repository.config.RepositoryConfigurationDelegate [restartedMain] Finished Spring Data repository scanning in 23 ms. Found 6 JPA repository interfaces.
2023-03-26 23:57:57,714 INFO org.springframework.boot.web.embedded.tomcat.TomcatWebServer [restartedMain] Tomcat initialized with port(s): 8080 (http)
2023-03-26 23:57:57,721 INFO org.apache.juli.logging.DirectJDKLog [restartedMain] Initializing ProtocolHandler ["http-nio-8080"]
2023-03-26 23:57:57,721 INFO org.apache.juli.logging.DirectJDKLog [restartedMain] Starting service [Tomcat]
2023-03-26 23:57:57,721 INFO org.apache.juli.logging.DirectJDKLog [restartedMain] Starting Servlet engine: [Apache Tomcat/9.0.69]
2023-03-26 23:57:57,779 INFO org.apache.juli.logging.DirectJDKLog [restartedMain] Initializing Spring embedded WebApplicationContext
2023-03-26 23:57:57,779 INFO org.springframework.boot.web.servlet.context.ServletWebServerApplicationContext [restartedMain] Root WebApplicationContext: initialization completed in 1133 ms
2023-03-26 23:57:57,992 INFO org.hibernate.jpa.internal.util.LogHelper [restartedMain] HHH000204: Processing PersistenceUnitInfo [name: default]
2023-03-26 23:57:58,024 INFO org.hibernate.Version [restartedMain] HHH000412: Hibernate ORM core version 5.6.14.Final
2023-03-26 23:57:58,128 INFO org.hibernate.annotations.common.reflection.java.JavaReflectionManager [restartedMain] HCANN000001: Hibernate Commons Annotations {5.1.2.Final}
2023-03-26 23:57:58,202 INFO com.zaxxer.hikari.HikariDataSource [restartedMain] HikariPool-1 - Starting...
2023-03-26 23:57:58,307 INFO com.zaxxer.hikari.HikariDataSource [restartedMain] HikariPool-1 - Start completed.
2023-03-26 23:57:58,327 INFO org.hibernate.dialect.Dialect [restartedMain] HHH000400: Using dialect: org.hibernate.dialect.MySQL55Dialect
2023-03-26 23:57:58,880 INFO org.hibernate.engine.transaction.jta.platform.internal.JtaPlatformInitiator [restartedMain] HHH000490: Using JtaPlatform implementation: [org.hibernate.engine.transaction.jta.platform.internal.NoJtaPlatform]
2023-03-26 23:57:58,886 INFO org.springframework.orm.jpa.AbstractEntityManagerFactoryBean [restartedMain] Initialized JPA EntityManagerFactory for persistence unit 'default'
2023-03-26 23:57:59,296 WARN org.springframework.boot.autoconfigure.orm.jpa.JpaBaseConfiguration$JpaWebConfiguration [restartedMain] spring.jpa.open-in-view is enabled by default. Therefore, database queries may be performed during view rendering. Explicitly configure spring.jpa.open-in-view to disable this warning
2023-03-26 23:57:59,309 INFO com.tokioschool.web.config.FilmImageConfig [restartedMain] Comprobamos existencia directorio
2023-03-26 23:57:59,449 WARN org.springframework.security.config.annotation.web.builders.WebSecurity [restartedMain] You are asking Spring Security to ignore Ant [pattern='/resources/**']. This is not recommended -- please use permitAll via HttpSecurity#authorizeHttpRequests instead.
2023-03-26 23:57:59,450 INFO org.springframework.security.web.DefaultSecurityFilterChain [restartedMain] Will not secure Ant [pattern='/resources/**']
2023-03-26 23:57:59,450 WARN org.springframework.security.config.annotation.web.builders.WebSecurity [restartedMain] You are asking Spring Security to ignore Ant [pattern='/static/**']. This is not recommended -- please use permitAll via HttpSecurity#authorizeHttpRequests instead.
2023-03-26 23:57:59,450 INFO org.springframework.security.web.DefaultSecurityFilterChain [restartedMain] Will not secure Ant [pattern='/static/**']
2023-03-26 23:57:59,450 WARN org.springframework.security.config.annotation.web.builders.WebSecurity [restartedMain] You are asking Spring Security to ignore Ant [pattern='/templates/**']. This is not recommended -- please use permitAll via HttpSecurity#authorizeHttpRequests instead.
2023-03-26 23:57:59,451 INFO org.springframework.security.web.DefaultSecurityFilterChain [restartedMain] Will not secure Ant [pattern='/templates/**']
2023-03-26 23:57:59,451 WARN org.springframework.security.config.annotation.web.builders.WebSecurity [restartedMain] You are asking Spring Security to ignore Ant [pattern='/css/**']. This is not recommended -- please use permitAll via HttpSecurity#authorizeHttpRequests instead.
2023-03-26 23:57:59,451 INFO org.springframework.security.web.DefaultSecurityFilterChain [restartedMain] Will not secure Ant [pattern='/css/**']
2023-03-26 23:57:59,451 WARN org.springframework.security.config.annotation.web.builders.WebSecurity [restartedMain] You are asking Spring Security to ignore Ant [pattern='/js/**']. This is not recommended -- please use permitAll via HttpSecurity#authorizeHttpRequests instead.
2023-03-26 23:57:59,451 INFO org.springframework.security.web.DefaultSecurityFilterChain [restartedMain] Will not secure Ant [pattern='/js/**']
2023-03-26 23:57:59,451 WARN org.springframework.security.config.annotation.web.builders.WebSecurity [restartedMain] You are asking Spring Security to ignore Ant [pattern='/images/**']. This is not recommended -- please use permitAll via HttpSecurity#authorizeHttpRequests instead.
2023-03-26 23:57:59,451 INFO org.springframework.security.web.DefaultSecurityFilterChain [restartedMain] Will not secure Ant [pattern='/images/**']
2023-03-26 23:57:59,451 WARN org.springframework.security.config.annotation.web.builders.WebSecurity [restartedMain] You are asking Spring Security to ignore Ant [pattern='/fonts/**']. This is not recommended -- please use permitAll via HttpSecurity#authorizeHttpRequests instead.
2023-03-26 23:57:59,451 INFO org.springframework.security.web.DefaultSecurityFilterChain [restartedMain] Will not secure Ant [pattern='/fonts/**']
2023-03-26 23:57:59,452 WARN org.springframework.security.config.annotation.web.builders.WebSecurity [restartedMain] You are asking Spring Security to ignore Ant [pattern='/webjars/**']. This is not recommended -- please use permitAll via HttpSecurity#authorizeHttpRequests instead.
2023-03-26 23:57:59,452 INFO org.springframework.security.web.DefaultSecurityFilterChain [restartedMain] Will not secure Ant [pattern='/webjars/**']
2023-03-26 23:57:59,452 WARN org.springframework.security.config.annotation.web.builders.WebSecurity [restartedMain] You are asking Spring Security to ignore Ant [pattern='/error/**']. This is not recommended -- please use permitAll via HttpSecurity#authorizeHttpRequests instead.
2023-03-26 23:57:59,452 INFO org.springframework.security.web.DefaultSecurityFilterChain [restartedMain] Will not secure Ant [pattern='/error/**']
2023-03-26 23:57:59,485 INFO org.springframework.security.web.DefaultSecurityFilterChain [restartedMain] Will secure any request with [org.springframework.security.web.session.DisableEncodeUrlFilter@43792cd3, org.springframework.security.web.context.request.async.WebAsyncManagerIntegrationFilter@5d0b2662, org.springframework.security.web.context.SecurityContextPersistenceFilter@109fa730, org.springframework.security.web.header.HeaderWriterFilter@4c629c6e, org.springframework.security.web.csrf.CsrfFilter@6d1c4ccd, org.springframework.security.web.authentication.logout.LogoutFilter@484afdad, org.springframework.security.web.authentication.UsernamePasswordAuthenticationFilter@76e1540d, org.springframework.security.web.savedrequest.RequestCacheAwareFilter@3d6a55da, org.springframework.security.web.servletapi.SecurityContextHolderAwareRequestFilter@3c76ea82, org.springframework.security.web.authentication.AnonymousAuthenticationFilter@21b650f2, org.springframework.security.web.session.SessionManagementFilter@39491882, org.springframework.security.web.access.ExceptionTranslationFilter@6c6b30de, org.springframework.security.web.access.intercept.FilterSecurityInterceptor@61a65386]
2023-03-26 23:57:59,555 INFO org.springframework.boot.autoconfigure.web.servlet.WelcomePageHandlerMapping [restartedMain] Adding welcome page template: index
2023-03-26 23:57:59,816 WARN org.springframework.boot.devtools.autoconfigure.OptionalLiveReloadServer [restartedMain] Unable to start LiveReload server
2023-03-26 23:57:59,820 INFO org.springframework.boot.actuate.endpoint.web.EndpointLinksResolver [restartedMain] Exposing 1 endpoint(s) beneath base path '/actuator'
2023-03-26 23:57:59,842 INFO org.apache.juli.logging.DirectJDKLog [restartedMain] Starting ProtocolHandler ["http-nio-8080"]
2023-03-26 23:57:59,855 INFO org.springframework.boot.web.embedded.tomcat.TomcatWebServer [restartedMain] Tomcat started on port(s): 8080 (http) with context path ''
2023-03-26 23:57:59,868 INFO org.springframework.boot.StartupInfoLogger [restartedMain] Started ProyectoApplication in 3.524 seconds (JVM running for 3.938)
2023-03-26 23:58:00,923 INFO org.apache.juli.logging.DirectJDKLog [RMI TCP Connection(5)-127.0.0.1] Initializing Spring DispatcherServlet 'dispatcherServlet'
2023-03-26 23:58:00,923 INFO org.springframework.web.servlet.FrameworkServlet [RMI TCP Connection(5)-127.0.0.1] Initializing Servlet 'dispatcherServlet'
2023-03-26 23:58:00,924 INFO org.springframework.web.servlet.FrameworkServlet [RMI TCP Connection(5)-127.0.0.1] Completed initialization in 1 ms
2023-03-26 23:58:32,705 INFO com.tokioschool.web.util.HelperRest [http-nio-8080-exec-6] No hay token procedemos a solicitar uno
2023-03-26 23:58:32,868 WARN org.springframework.web.servlet.handler.AbstractHandlerExceptionResolver [http-nio-8080-exec-6] Resolved [org.springframework.web.client.HttpClientErrorException$Unauthorized: 401 : [no body]]
