2023-03-28 00:20:37,080 INFO org.springframework.boot.StartupInfoLogger [restartedMain] Starting ProyectoApplication using Java 17.0.3.1 on DESKTOP-U83I70G with PID 6236 (E:\springboot\proyecto\target\classes started by jsusi in E:\springboot\proyecto)
2023-03-28 00:20:37,082 INFO org.springframework.boot.SpringApplication [restartedMain] No active profile set, falling back to 1 default profile: "default"
2023-03-28 00:20:37,111 INFO org.springframework.boot.logging.DeferredLog [restartedMain] Devtools property defaults active! Set 'spring.devtools.add-properties' to 'false' to disable
2023-03-28 00:20:37,111 INFO org.springframework.boot.logging.DeferredLog [restartedMain] For additional web related logging consider setting the 'logging.level.web' property to 'DEBUG'
2023-03-28 00:20:37,923 INFO org.springframework.data.repository.config.RepositoryConfigurationDelegate [restartedMain] Multiple Spring Data modules found, entering strict repository configuration mode
2023-03-28 00:20:37,924 INFO org.springframework.data.repository.config.RepositoryConfigurationDelegate [restartedMain] Bootstrapping Spring Data JDBC repositories in DEFAULT mode.
2023-03-28 00:20:37,944 INFO org.springframework.data.repository.config.RepositoryConfigurationExtensionSupport [restartedMain] Spring Data JDBC - Could not safely identify store assignment for repository candidate interface com.tokioschool.web.repository.FilmRepository; If you want this repository to be a JDBC repository, consider annotating your entities with one of these annotations: org.springframework.data.relational.core.mapping.Table.
2023-03-28 00:20:37,945 INFO org.springframework.data.repository.config.RepositoryConfigurationExtensionSupport [restartedMain] Spring Data JDBC - Could not safely identify store assignment for repository candidate interface com.tokioschool.web.repository.PersonRepository; If you want this repository to be a JDBC repository, consider annotating your entities with one of these annotations: org.springframework.data.relational.core.mapping.Table.
2023-03-28 00:20:37,945 INFO org.springframework.data.repository.config.RepositoryConfigurationExtensionSupport [restartedMain] Spring Data JDBC - Could not safely identify store assignment for repository candidate interface com.tokioschool.web.repository.ReviewRepository; If you want this repository to be a JDBC repository, consider annotating your entities with one of these annotations: org.springframework.data.relational.core.mapping.Table.
2023-03-28 00:20:37,946 INFO org.springframework.data.repository.config.RepositoryConfigurationExtensionSupport [restartedMain] Spring Data JDBC - Could not safely identify store assignment for repository candidate interface com.tokioschool.web.repository.RoleRepository; If you want this repository to be a JDBC repository, consider annotating your entities with one of these annotations: org.springframework.data.relational.core.mapping.Table.
2023-03-28 00:20:37,947 INFO org.springframework.data.repository.config.RepositoryConfigurationExtensionSupport [restartedMain] Spring Data JDBC - Could not safely identify store assignment for repository candidate interface com.tokioschool.web.repository.ScoreRepository; If you want this repository to be a JDBC repository, consider annotating your entities with one of these annotations: org.springframework.data.relational.core.mapping.Table.
2023-03-28 00:20:37,948 INFO org.springframework.data.repository.config.RepositoryConfigurationExtensionSupport [restartedMain] Spring Data JDBC - Could not safely identify store assignment for repository candidate interface com.tokioschool.web.repository.UserRepository; If you want this repository to be a JDBC repository, consider annotating your entities with one of these annotations: org.springframework.data.relational.core.mapping.Table.
2023-03-28 00:20:37,948 INFO org.springframework.data.repository.config.RepositoryConfigurationDelegate [restartedMain] Finished Spring Data repository scanning in 20 ms. Found 0 JDBC repository interfaces.
2023-03-28 00:20:37,954 INFO org.springframework.data.repository.config.RepositoryConfigurationDelegate [restartedMain] Multiple Spring Data modules found, entering strict repository configuration mode
2023-03-28 00:20:37,955 INFO org.springframework.data.repository.config.RepositoryConfigurationDelegate [restartedMain] Bootstrapping Spring Data JPA repositories in DEFAULT mode.
2023-03-28 00:20:37,981 INFO org.springframework.data.repository.config.RepositoryConfigurationDelegate [restartedMain] Finished Spring Data repository scanning in 23 ms. Found 6 JPA repository interfaces.
2023-03-28 00:20:38,395 INFO org.springframework.boot.web.embedded.tomcat.TomcatWebServer [restartedMain] Tomcat initialized with port(s): 8080 (http)
2023-03-28 00:20:38,402 INFO org.apache.juli.logging.DirectJDKLog [restartedMain] Initializing ProtocolHandler ["http-nio-8080"]
2023-03-28 00:20:38,403 INFO org.apache.juli.logging.DirectJDKLog [restartedMain] Starting service [Tomcat]
2023-03-28 00:20:38,403 INFO org.apache.juli.logging.DirectJDKLog [restartedMain] Starting Servlet engine: [Apache Tomcat/9.0.69]
2023-03-28 00:20:38,465 INFO org.apache.juli.logging.DirectJDKLog [restartedMain] Initializing Spring embedded WebApplicationContext
2023-03-28 00:20:38,466 INFO org.springframework.boot.web.servlet.context.ServletWebServerApplicationContext [restartedMain] Root WebApplicationContext: initialization completed in 1354 ms
2023-03-28 00:20:38,697 INFO org.hibernate.jpa.internal.util.LogHelper [restartedMain] HHH000204: Processing PersistenceUnitInfo [name: default]
2023-03-28 00:20:38,734 INFO org.hibernate.Version [restartedMain] HHH000412: Hibernate ORM core version 5.6.14.Final
2023-03-28 00:20:38,840 INFO org.hibernate.annotations.common.reflection.java.JavaReflectionManager [restartedMain] HCANN000001: Hibernate Commons Annotations {5.1.2.Final}
2023-03-28 00:20:38,915 INFO com.zaxxer.hikari.HikariDataSource [restartedMain] HikariPool-1 - Starting...
2023-03-28 00:20:39,026 INFO com.zaxxer.hikari.HikariDataSource [restartedMain] HikariPool-1 - Start completed.
2023-03-28 00:20:39,046 INFO org.hibernate.dialect.Dialect [restartedMain] HHH000400: Using dialect: org.hibernate.dialect.MySQL55Dialect
2023-03-28 00:20:39,612 INFO org.hibernate.engine.transaction.jta.platform.internal.JtaPlatformInitiator [restartedMain] HHH000490: Using JtaPlatform implementation: [org.hibernate.engine.transaction.jta.platform.internal.NoJtaPlatform]
2023-03-28 00:20:39,617 INFO org.springframework.orm.jpa.AbstractEntityManagerFactoryBean [restartedMain] Initialized JPA EntityManagerFactory for persistence unit 'default'
2023-03-28 00:20:40,030 WARN org.springframework.boot.autoconfigure.orm.jpa.JpaBaseConfiguration$JpaWebConfiguration [restartedMain] spring.jpa.open-in-view is enabled by default. Therefore, database queries may be performed during view rendering. Explicitly configure spring.jpa.open-in-view to disable this warning
2023-03-28 00:20:40,043 INFO com.tokioschool.web.config.FilmImageConfig [restartedMain] Comprobamos existencia directorio
2023-03-28 00:20:40,189 WARN org.springframework.security.config.annotation.web.builders.WebSecurity [restartedMain] You are asking Spring Security to ignore Ant [pattern='/resources/**']. This is not recommended -- please use permitAll via HttpSecurity#authorizeHttpRequests instead.
2023-03-28 00:20:40,190 INFO org.springframework.security.web.DefaultSecurityFilterChain [restartedMain] Will not secure Ant [pattern='/resources/**']
2023-03-28 00:20:40,191 WARN org.springframework.security.config.annotation.web.builders.WebSecurity [restartedMain] You are asking Spring Security to ignore Ant [pattern='/static/**']. This is not recommended -- please use permitAll via HttpSecurity#authorizeHttpRequests instead.
2023-03-28 00:20:40,191 INFO org.springframework.security.web.DefaultSecurityFilterChain [restartedMain] Will not secure Ant [pattern='/static/**']
2023-03-28 00:20:40,191 WARN org.springframework.security.config.annotation.web.builders.WebSecurity [restartedMain] You are asking Spring Security to ignore Ant [pattern='/templates/**']. This is not recommended -- please use permitAll via HttpSecurity#authorizeHttpRequests instead.
2023-03-28 00:20:40,191 INFO org.springframework.security.web.DefaultSecurityFilterChain [restartedMain] Will not secure Ant [pattern='/templates/**']
2023-03-28 00:20:40,192 WARN org.springframework.security.config.annotation.web.builders.WebSecurity [restartedMain] You are asking Spring Security to ignore Ant [pattern='/css/**']. This is not recommended -- please use permitAll via HttpSecurity#authorizeHttpRequests instead.
2023-03-28 00:20:40,192 INFO org.springframework.security.web.DefaultSecurityFilterChain [restartedMain] Will not secure Ant [pattern='/css/**']
2023-03-28 00:20:40,192 WARN org.springframework.security.config.annotation.web.builders.WebSecurity [restartedMain] You are asking Spring Security to ignore Ant [pattern='/js/**']. This is not recommended -- please use permitAll via HttpSecurity#authorizeHttpRequests instead.
2023-03-28 00:20:40,192 INFO org.springframework.security.web.DefaultSecurityFilterChain [restartedMain] Will not secure Ant [pattern='/js/**']
2023-03-28 00:20:40,192 WARN org.springframework.security.config.annotation.web.builders.WebSecurity [restartedMain] You are asking Spring Security to ignore Ant [pattern='/images/**']. This is not recommended -- please use permitAll via HttpSecurity#authorizeHttpRequests instead.
2023-03-28 00:20:40,192 INFO org.springframework.security.web.DefaultSecurityFilterChain [restartedMain] Will not secure Ant [pattern='/images/**']
2023-03-28 00:20:40,192 WARN org.springframework.security.config.annotation.web.builders.WebSecurity [restartedMain] You are asking Spring Security to ignore Ant [pattern='/fonts/**']. This is not recommended -- please use permitAll via HttpSecurity#authorizeHttpRequests instead.
2023-03-28 00:20:40,192 INFO org.springframework.security.web.DefaultSecurityFilterChain [restartedMain] Will not secure Ant [pattern='/fonts/**']
2023-03-28 00:20:40,192 WARN org.springframework.security.config.annotation.web.builders.WebSecurity [restartedMain] You are asking Spring Security to ignore Ant [pattern='/webjars/**']. This is not recommended -- please use permitAll via HttpSecurity#authorizeHttpRequests instead.
2023-03-28 00:20:40,192 INFO org.springframework.security.web.DefaultSecurityFilterChain [restartedMain] Will not secure Ant [pattern='/webjars/**']
2023-03-28 00:20:40,193 WARN org.springframework.security.config.annotation.web.builders.WebSecurity [restartedMain] You are asking Spring Security to ignore Ant [pattern='/error/**']. This is not recommended -- please use permitAll via HttpSecurity#authorizeHttpRequests instead.
2023-03-28 00:20:40,193 INFO org.springframework.security.web.DefaultSecurityFilterChain [restartedMain] Will not secure Ant [pattern='/error/**']
2023-03-28 00:20:40,228 INFO org.springframework.security.web.DefaultSecurityFilterChain [restartedMain] Will secure any request with [org.springframework.security.web.session.DisableEncodeUrlFilter@17ee0071, org.springframework.security.web.context.request.async.WebAsyncManagerIntegrationFilter@18b50026, org.springframework.security.web.context.SecurityContextPersistenceFilter@e5690eb, org.springframework.security.web.header.HeaderWriterFilter@3c76ea82, org.springframework.security.web.csrf.CsrfFilter@719a2b7e, org.springframework.security.web.authentication.logout.LogoutFilter@1e2136a0, org.springframework.security.web.authentication.UsernamePasswordAuthenticationFilter@6fae02f7, org.springframework.security.web.savedrequest.RequestCacheAwareFilter@51912505, org.springframework.security.web.servletapi.SecurityContextHolderAwareRequestFilter@96dc23e, org.springframework.security.web.authentication.AnonymousAuthenticationFilter@713107d, org.springframework.security.web.session.SessionManagementFilter@3489c84e, org.springframework.security.web.access.ExceptionTranslationFilter@67dd45ef, org.springframework.security.web.access.intercept.FilterSecurityInterceptor@5f44409f]
2023-03-28 00:20:40,305 INFO org.springframework.boot.autoconfigure.web.servlet.WelcomePageHandlerMapping [restartedMain] Adding welcome page template: index
2023-03-28 00:20:40,577 WARN org.springframework.boot.devtools.autoconfigure.OptionalLiveReloadServer [restartedMain] Unable to start LiveReload server
2023-03-28 00:20:40,581 INFO org.springframework.boot.actuate.endpoint.web.EndpointLinksResolver [restartedMain] Exposing 1 endpoint(s) beneath base path '/actuator'
2023-03-28 00:20:40,603 INFO org.apache.juli.logging.DirectJDKLog [restartedMain] Starting ProtocolHandler ["http-nio-8080"]
2023-03-28 00:20:40,618 INFO org.springframework.boot.web.embedded.tomcat.TomcatWebServer [restartedMain] Tomcat started on port(s): 8080 (http) with context path ''
2023-03-28 00:20:40,631 INFO org.springframework.boot.StartupInfoLogger [restartedMain] Started ProyectoApplication in 3.827 seconds (JVM running for 8.031)
2023-03-28 00:20:41,347 INFO org.apache.juli.logging.DirectJDKLog [RMI TCP Connection(4)-127.0.0.1] Initializing Spring DispatcherServlet 'dispatcherServlet'
2023-03-28 00:20:41,347 INFO org.springframework.web.servlet.FrameworkServlet [RMI TCP Connection(4)-127.0.0.1] Initializing Servlet 'dispatcherServlet'
2023-03-28 00:20:41,348 INFO org.springframework.web.servlet.FrameworkServlet [RMI TCP Connection(4)-127.0.0.1] Completed initialization in 1 ms
2023-03-28 00:21:06,846 INFO com.tokioschool.web.util.HelperRest [http-nio-8080-exec-3] No hay token procedemos a solicitar uno
2023-03-28 00:21:07,026 INFO com.tokioschool.web.util.HelperRest [http-nio-8080-exec-3] Token Generado
2023-03-28 00:21:07,026 INFO com.tokioschool.web.controller.ControllerFilm [http-nio-8080-exec-3] Procedemos a mandar la solicitud
2023-03-28 00:21:07,149 INFO com.tokioschool.web.controller.ControllerFilm [http-nio-8080-exec-3] recibimos la solicitud en el response
2023-03-28 00:22:35,750 INFO org.springframework.boot.admin.SpringApplicationAdminMXBeanRegistrar$SpringApplicationAdmin [RMI TCP Connection(8)-127.0.0.1] Application shutdown requested.
2023-03-28 00:22:35,756 INFO org.apache.juli.logging.DirectJDKLog [RMI TCP Connection(8)-127.0.0.1] Pausing ProtocolHandler ["http-nio-8080"]
2023-03-28 00:22:35,757 INFO org.apache.juli.logging.DirectJDKLog [RMI TCP Connection(8)-127.0.0.1] Stopping service [Tomcat]
2023-03-28 00:22:35,758 INFO org.apache.juli.logging.DirectJDKLog [RMI TCP Connection(8)-127.0.0.1] Destroying Spring FrameworkServlet 'dispatcherServlet'
2023-03-28 00:22:35,760 INFO org.apache.juli.logging.DirectJDKLog [RMI TCP Connection(8)-127.0.0.1] Stopping ProtocolHandler ["http-nio-8080"]
2023-03-28 00:22:35,762 INFO org.apache.juli.logging.DirectJDKLog [RMI TCP Connection(8)-127.0.0.1] Destroying ProtocolHandler ["http-nio-8080"]
2023-03-28 00:22:35,767 INFO org.springframework.orm.jpa.AbstractEntityManagerFactoryBean [RMI TCP Connection(8)-127.0.0.1] Closing JPA EntityManagerFactory for persistence unit 'default'
2023-03-28 00:22:35,770 INFO com.zaxxer.hikari.HikariDataSource [RMI TCP Connection(8)-127.0.0.1] HikariPool-1 - Shutdown initiated...
2023-03-28 00:22:35,775 INFO com.zaxxer.hikari.HikariDataSource [RMI TCP Connection(8)-127.0.0.1] HikariPool-1 - Shutdown completed.
2023-03-28 00:28:12,320 INFO org.springframework.boot.StartupInfoLogger [restartedMain] Starting ProyectoApplication using Java 17.0.3.1 on DESKTOP-U83I70G with PID 7744 (E:\springboot\proyecto\target\classes started by jsusi in E:\springboot\proyecto)
2023-03-28 00:28:12,321 INFO org.springframework.boot.SpringApplication [restartedMain] No active profile set, falling back to 1 default profile: "default"
2023-03-28 00:28:12,351 INFO org.springframework.boot.logging.DeferredLog [restartedMain] Devtools property defaults active! Set 'spring.devtools.add-properties' to 'false' to disable
2023-03-28 00:28:12,351 INFO org.springframework.boot.logging.DeferredLog [restartedMain] For additional web related logging consider setting the 'logging.level.web' property to 'DEBUG'
2023-03-28 00:28:12,941 INFO org.springframework.data.repository.config.RepositoryConfigurationDelegate [restartedMain] Multiple Spring Data modules found, entering strict repository configuration mode
2023-03-28 00:28:12,943 INFO org.springframework.data.repository.config.RepositoryConfigurationDelegate [restartedMain] Bootstrapping Spring Data JDBC repositories in DEFAULT mode.
2023-03-28 00:28:12,962 INFO org.springframework.data.repository.config.RepositoryConfigurationExtensionSupport [restartedMain] Spring Data JDBC - Could not safely identify store assignment for repository candidate interface com.tokioschool.web.repository.FilmRepository; If you want this repository to be a JDBC repository, consider annotating your entities with one of these annotations: org.springframework.data.relational.core.mapping.Table.
2023-03-28 00:28:12,963 INFO org.springframework.data.repository.config.RepositoryConfigurationExtensionSupport [restartedMain] Spring Data JDBC - Could not safely identify store assignment for repository candidate interface com.tokioschool.web.repository.PersonRepository; If you want this repository to be a JDBC repository, consider annotating your entities with one of these annotations: org.springframework.data.relational.core.mapping.Table.
2023-03-28 00:28:12,964 INFO org.springframework.data.repository.config.RepositoryConfigurationExtensionSupport [restartedMain] Spring Data JDBC - Could not safely identify store assignment for repository candidate interface com.tokioschool.web.repository.ReviewRepository; If you want this repository to be a JDBC repository, consider annotating your entities with one of these annotations: org.springframework.data.relational.core.mapping.Table.
2023-03-28 00:28:12,965 INFO org.springframework.data.repository.config.RepositoryConfigurationExtensionSupport [restartedMain] Spring Data JDBC - Could not safely identify store assignment for repository candidate interface com.tokioschool.web.repository.RoleRepository; If you want this repository to be a JDBC repository, consider annotating your entities with one of these annotations: org.springframework.data.relational.core.mapping.Table.
2023-03-28 00:28:12,966 INFO org.springframework.data.repository.config.RepositoryConfigurationExtensionSupport [restartedMain] Spring Data JDBC - Could not safely identify store assignment for repository candidate interface com.tokioschool.web.repository.ScoreRepository; If you want this repository to be a JDBC repository, consider annotating your entities with one of these annotations: org.springframework.data.relational.core.mapping.Table.
2023-03-28 00:28:12,966 INFO org.springframework.data.repository.config.RepositoryConfigurationExtensionSupport [restartedMain] Spring Data JDBC - Could not safely identify store assignment for repository candidate interface com.tokioschool.web.repository.UserRepository; If you want this repository to be a JDBC repository, consider annotating your entities with one of these annotations: org.springframework.data.relational.core.mapping.Table.
2023-03-28 00:28:12,967 INFO org.springframework.data.repository.config.RepositoryConfigurationDelegate [restartedMain] Finished Spring Data repository scanning in 21 ms. Found 0 JDBC repository interfaces.
2023-03-28 00:28:12,973 INFO org.springframework.data.repository.config.RepositoryConfigurationDelegate [restartedMain] Multiple Spring Data modules found, entering strict repository configuration mode
2023-03-28 00:28:12,973 INFO org.springframework.data.repository.config.RepositoryConfigurationDelegate [restartedMain] Bootstrapping Spring Data JPA repositories in DEFAULT mode.
2023-03-28 00:28:13,001 INFO org.springframework.data.repository.config.RepositoryConfigurationDelegate [restartedMain] Finished Spring Data repository scanning in 24 ms. Found 6 JPA repository interfaces.
2023-03-28 00:28:13,401 INFO org.springframework.boot.web.embedded.tomcat.TomcatWebServer [restartedMain] Tomcat initialized with port(s): 8080 (http)
2023-03-28 00:28:13,408 INFO org.apache.juli.logging.DirectJDKLog [restartedMain] Initializing ProtocolHandler ["http-nio-8080"]
2023-03-28 00:28:13,408 INFO org.apache.juli.logging.DirectJDKLog [restartedMain] Starting service [Tomcat]
2023-03-28 00:28:13,408 INFO org.apache.juli.logging.DirectJDKLog [restartedMain] Starting Servlet engine: [Apache Tomcat/9.0.69]
2023-03-28 00:28:13,463 INFO org.apache.juli.logging.DirectJDKLog [restartedMain] Initializing Spring embedded WebApplicationContext
2023-03-28 00:28:13,464 INFO org.springframework.boot.web.servlet.context.ServletWebServerApplicationContext [restartedMain] Root WebApplicationContext: initialization completed in 1112 ms
2023-03-28 00:28:13,669 INFO org.hibernate.jpa.internal.util.LogHelper [restartedMain] HHH000204: Processing PersistenceUnitInfo [name: default]
2023-03-28 00:28:13,700 INFO org.hibernate.Version [restartedMain] HHH000412: Hibernate ORM core version 5.6.14.Final
2023-03-28 00:28:13,804 INFO org.hibernate.annotations.common.reflection.java.JavaReflectionManager [restartedMain] HCANN000001: Hibernate Commons Annotations {5.1.2.Final}
2023-03-28 00:28:13,876 INFO com.zaxxer.hikari.HikariDataSource [restartedMain] HikariPool-1 - Starting...
2023-03-28 00:28:13,977 INFO com.zaxxer.hikari.HikariDataSource [restartedMain] HikariPool-1 - Start completed.
2023-03-28 00:28:13,997 INFO org.hibernate.dialect.Dialect [restartedMain] HHH000400: Using dialect: org.hibernate.dialect.MySQL55Dialect
2023-03-28 00:28:14,544 INFO org.hibernate.engine.transaction.jta.platform.internal.JtaPlatformInitiator [restartedMain] HHH000490: Using JtaPlatform implementation: [org.hibernate.engine.transaction.jta.platform.internal.NoJtaPlatform]
2023-03-28 00:28:14,550 INFO org.springframework.orm.jpa.AbstractEntityManagerFactoryBean [restartedMain] Initialized JPA EntityManagerFactory for persistence unit 'default'
2023-03-28 00:28:14,968 WARN org.springframework.boot.autoconfigure.orm.jpa.JpaBaseConfiguration$JpaWebConfiguration [restartedMain] spring.jpa.open-in-view is enabled by default. Therefore, database queries may be performed during view rendering. Explicitly configure spring.jpa.open-in-view to disable this warning
2023-03-28 00:28:14,980 INFO com.tokioschool.web.config.FilmImageConfig [restartedMain] Comprobamos existencia directorio
2023-03-28 00:28:15,121 WARN org.springframework.security.config.annotation.web.builders.WebSecurity [restartedMain] You are asking Spring Security to ignore Ant [pattern='/resources/**']. This is not recommended -- please use permitAll via HttpSecurity#authorizeHttpRequests instead.
2023-03-28 00:28:15,121 INFO org.springframework.security.web.DefaultSecurityFilterChain [restartedMain] Will not secure Ant [pattern='/resources/**']
2023-03-28 00:28:15,122 WARN org.springframework.security.config.annotation.web.builders.WebSecurity [restartedMain] You are asking Spring Security to ignore Ant [pattern='/static/**']. This is not recommended -- please use permitAll via HttpSecurity#authorizeHttpRequests instead.
2023-03-28 00:28:15,122 INFO org.springframework.security.web.DefaultSecurityFilterChain [restartedMain] Will not secure Ant [pattern='/static/**']
2023-03-28 00:28:15,123 WARN org.springframework.security.config.annotation.web.builders.WebSecurity [restartedMain] You are asking Spring Security to ignore Ant [pattern='/templates/**']. This is not recommended -- please use permitAll via HttpSecurity#authorizeHttpRequests instead.
2023-03-28 00:28:15,123 INFO org.springframework.security.web.DefaultSecurityFilterChain [restartedMain] Will not secure Ant [pattern='/templates/**']
2023-03-28 00:28:15,123 WARN org.springframework.security.config.annotation.web.builders.WebSecurity [restartedMain] You are asking Spring Security to ignore Ant [pattern='/css/**']. This is not recommended -- please use permitAll via HttpSecurity#authorizeHttpRequests instead.
2023-03-28 00:28:15,123 INFO org.springframework.security.web.DefaultSecurityFilterChain [restartedMain] Will not secure Ant [pattern='/css/**']
2023-03-28 00:28:15,123 WARN org.springframework.security.config.annotation.web.builders.WebSecurity [restartedMain] You are asking Spring Security to ignore Ant [pattern='/js/**']. This is not recommended -- please use permitAll via HttpSecurity#authorizeHttpRequests instead.
2023-03-28 00:28:15,123 INFO org.springframework.security.web.DefaultSecurityFilterChain [restartedMain] Will not secure Ant [pattern='/js/**']
2023-03-28 00:28:15,123 WARN org.springframework.security.config.annotation.web.builders.WebSecurity [restartedMain] You are asking Spring Security to ignore Ant [pattern='/images/**']. This is not recommended -- please use permitAll via HttpSecurity#authorizeHttpRequests instead.
2023-03-28 00:28:15,124 INFO org.springframework.security.web.DefaultSecurityFilterChain [restartedMain] Will not secure Ant [pattern='/images/**']
2023-03-28 00:28:15,124 WARN org.springframework.security.config.annotation.web.builders.WebSecurity [restartedMain] You are asking Spring Security to ignore Ant [pattern='/fonts/**']. This is not recommended -- please use permitAll via HttpSecurity#authorizeHttpRequests instead.
2023-03-28 00:28:15,124 INFO org.springframework.security.web.DefaultSecurityFilterChain [restartedMain] Will not secure Ant [pattern='/fonts/**']
2023-03-28 00:28:15,124 WARN org.springframework.security.config.annotation.web.builders.WebSecurity [restartedMain] You are asking Spring Security to ignore Ant [pattern='/webjars/**']. This is not recommended -- please use permitAll via HttpSecurity#authorizeHttpRequests instead.
2023-03-28 00:28:15,124 INFO org.springframework.security.web.DefaultSecurityFilterChain [restartedMain] Will not secure Ant [pattern='/webjars/**']
2023-03-28 00:28:15,124 WARN org.springframework.security.config.annotation.web.builders.WebSecurity [restartedMain] You are asking Spring Security to ignore Ant [pattern='/error/**']. This is not recommended -- please use permitAll via HttpSecurity#authorizeHttpRequests instead.
2023-03-28 00:28:15,124 INFO org.springframework.security.web.DefaultSecurityFilterChain [restartedMain] Will not secure Ant [pattern='/error/**']
2023-03-28 00:28:15,161 INFO org.springframework.security.web.DefaultSecurityFilterChain [restartedMain] Will secure any request with [org.springframework.security.web.session.DisableEncodeUrlFilter@23e3e6fc, org.springframework.security.web.context.request.async.WebAsyncManagerIntegrationFilter@68ab358c, org.springframework.security.web.context.SecurityContextPersistenceFilter@1a5493e0, org.springframework.security.web.header.HeaderWriterFilter@c1377c1, org.springframework.security.web.csrf.CsrfFilter@16729b61, org.springframework.security.web.authentication.logout.LogoutFilter@d90f633, org.springframework.security.web.authentication.UsernamePasswordAuthenticationFilter@5ddb73a0, org.springframework.security.web.savedrequest.RequestCacheAwareFilter@19bf12b3, org.springframework.security.web.servletapi.SecurityContextHolderAwareRequestFilter@41a4ee4d, org.springframework.security.web.authentication.AnonymousAuthenticationFilter@6eeb0d4a, org.springframework.security.web.session.SessionManagementFilter@7b176e49, org.springframework.security.web.access.ExceptionTranslationFilter@7dd2f24, org.springframework.security.web.access.intercept.FilterSecurityInterceptor@486ae826]
2023-03-28 00:28:15,235 INFO org.springframework.boot.autoconfigure.web.servlet.WelcomePageHandlerMapping [restartedMain] Adding welcome page template: index
2023-03-28 00:28:15,505 WARN org.springframework.boot.devtools.autoconfigure.OptionalLiveReloadServer [restartedMain] Unable to start LiveReload server
2023-03-28 00:28:15,509 INFO org.springframework.boot.actuate.endpoint.web.EndpointLinksResolver [restartedMain] Exposing 1 endpoint(s) beneath base path '/actuator'
2023-03-28 00:28:15,531 INFO org.apache.juli.logging.DirectJDKLog [restartedMain] Starting ProtocolHandler ["http-nio-8080"]
2023-03-28 00:28:15,549 INFO org.springframework.boot.web.embedded.tomcat.TomcatWebServer [restartedMain] Tomcat started on port(s): 8080 (http) with context path ''
2023-03-28 00:28:15,561 INFO org.springframework.boot.StartupInfoLogger [restartedMain] Started ProyectoApplication in 3.503 seconds (JVM running for 3.909)
2023-03-28 00:28:16,422 INFO org.apache.juli.logging.DirectJDKLog [RMI TCP Connection(4)-127.0.0.1] Initializing Spring DispatcherServlet 'dispatcherServlet'
2023-03-28 00:28:16,422 INFO org.springframework.web.servlet.FrameworkServlet [RMI TCP Connection(4)-127.0.0.1] Initializing Servlet 'dispatcherServlet'
2023-03-28 00:28:16,423 INFO org.springframework.web.servlet.FrameworkServlet [RMI TCP Connection(4)-127.0.0.1] Completed initialization in 1 ms
2023-03-28 00:29:42,985 INFO com.tokioschool.web.controller.ControllerFilm [http-nio-8080-exec-8] Procedemos a mandar la solicitud
2023-03-28 00:29:43,255 INFO com.tokioschool.web.controller.ControllerFilm [http-nio-8080-exec-8] recibimos la solicitud en el response
2023-03-28 00:30:05,066 WARN org.springframework.web.servlet.handler.AbstractHandlerExceptionResolver [http-nio-8080-exec-7] Resolved [java.util.NoSuchElementException: No value present]
2023-03-28 00:30:42,503 INFO com.tokioschool.web.util.HelperRest [http-nio-8080-exec-4] No hay token procedemos a solicitar uno
2023-03-28 00:30:42,536 INFO com.tokioschool.web.util.HelperRest [http-nio-8080-exec-4] Token Generado
2023-03-28 00:30:42,536 INFO com.tokioschool.web.controller.ControllerFilm [http-nio-8080-exec-4] Procedemos a mandar la solicitud
2023-03-28 00:30:42,545 INFO com.tokioschool.web.controller.ControllerFilm [http-nio-8080-exec-4] recibimos la solicitud en el response
2023-03-28 00:30:45,186 INFO com.tokioschool.web.controller.ControllerFilm [http-nio-8080-exec-5] **************************save film**************************************
2023-03-28 00:30:45,200 INFO com.tokioschool.web.controller.ControllerFilm [http-nio-8080-exec-1] Procedemos a mandar la solicitud
2023-03-28 00:30:45,210 INFO com.tokioschool.web.controller.ControllerFilm [http-nio-8080-exec-1] recibimos la solicitud en el response
2023-03-28 00:30:54,991 INFO com.tokioschool.web.controller.ControllerFilm [http-nio-8080-exec-10] Procedemos a mandar la solicitud
2023-03-28 00:30:55,007 INFO com.tokioschool.web.controller.ControllerFilm [http-nio-8080-exec-10] recibimos la solicitud en el response
2023-03-28 00:31:08,979 INFO com.tokioschool.web.controller.ControllerFilm [http-nio-8080-exec-9] Procedemos a mandar la solicitud
2023-03-28 00:31:09,002 INFO com.tokioschool.web.controller.ControllerFilm [http-nio-8080-exec-9] recibimos la solicitud en el response
2023-03-28 00:34:09,065 INFO org.springframework.boot.admin.SpringApplicationAdminMXBeanRegistrar$SpringApplicationAdmin [RMI TCP Connection(12)-127.0.0.1] Application shutdown requested.
2023-03-28 00:34:09,071 INFO org.apache.juli.logging.DirectJDKLog [RMI TCP Connection(12)-127.0.0.1] Pausing ProtocolHandler ["http-nio-8080"]
2023-03-28 00:34:09,072 INFO org.apache.juli.logging.DirectJDKLog [RMI TCP Connection(12)-127.0.0.1] Stopping service [Tomcat]
2023-03-28 00:34:09,072 INFO org.apache.juli.logging.DirectJDKLog [RMI TCP Connection(12)-127.0.0.1] Destroying Spring FrameworkServlet 'dispatcherServlet'
2023-03-28 00:34:09,077 INFO org.apache.juli.logging.DirectJDKLog [RMI TCP Connection(12)-127.0.0.1] Stopping ProtocolHandler ["http-nio-8080"]
2023-03-28 00:34:09,079 INFO org.apache.juli.logging.DirectJDKLog [RMI TCP Connection(12)-127.0.0.1] Destroying ProtocolHandler ["http-nio-8080"]
2023-03-28 00:34:09,084 INFO org.springframework.orm.jpa.AbstractEntityManagerFactoryBean [RMI TCP Connection(12)-127.0.0.1] Closing JPA EntityManagerFactory for persistence unit 'default'
2023-03-28 00:34:09,086 INFO com.zaxxer.hikari.HikariDataSource [RMI TCP Connection(12)-127.0.0.1] HikariPool-1 - Shutdown initiated...
2023-03-28 00:34:09,091 INFO com.zaxxer.hikari.HikariDataSource [RMI TCP Connection(12)-127.0.0.1] HikariPool-1 - Shutdown completed.
2023-03-28 08:18:16,954 INFO org.springframework.boot.StartupInfoLogger [restartedMain] Starting ProyectoApplication using Java 17.0.3.1 on DESKTOP-U83I70G with PID 7184 (E:\springboot\proyecto\target\classes started by jsusi in E:\springboot\proyecto)
2023-03-28 08:18:16,967 INFO org.springframework.boot.SpringApplication [restartedMain] No active profile set, falling back to 1 default profile: "default"
2023-03-28 08:18:17,007 INFO org.springframework.boot.logging.DeferredLog [restartedMain] Devtools property defaults active! Set 'spring.devtools.add-properties' to 'false' to disable
2023-03-28 08:18:17,008 INFO org.springframework.boot.logging.DeferredLog [restartedMain] For additional web related logging consider setting the 'logging.level.web' property to 'DEBUG'
2023-03-28 08:18:17,837 INFO org.springframework.data.repository.config.RepositoryConfigurationDelegate [restartedMain] Multiple Spring Data modules found, entering strict repository configuration mode
2023-03-28 08:18:17,838 INFO org.springframework.data.repository.config.RepositoryConfigurationDelegate [restartedMain] Bootstrapping Spring Data JDBC repositories in DEFAULT mode.
2023-03-28 08:18:17,860 INFO org.springframework.data.repository.config.RepositoryConfigurationExtensionSupport [restartedMain] Spring Data JDBC - Could not safely identify store assignment for repository candidate interface com.tokioschool.web.repository.FilmRepository; If you want this repository to be a JDBC repository, consider annotating your entities with one of these annotations: org.springframework.data.relational.core.mapping.Table.
2023-03-28 08:18:17,861 INFO org.springframework.data.repository.config.RepositoryConfigurationExtensionSupport [restartedMain] Spring Data JDBC - Could not safely identify store assignment for repository candidate interface com.tokioschool.web.repository.PersonRepository; If you want this repository to be a JDBC repository, consider annotating your entities with one of these annotations: org.springframework.data.relational.core.mapping.Table.
2023-03-28 08:18:17,862 INFO org.springframework.data.repository.config.RepositoryConfigurationExtensionSupport [restartedMain] Spring Data JDBC - Could not safely identify store assignment for repository candidate interface com.tokioschool.web.repository.ReviewRepository; If you want this repository to be a JDBC repository, consider annotating your entities with one of these annotations: org.springframework.data.relational.core.mapping.Table.
2023-03-28 08:18:17,863 INFO org.springframework.data.repository.config.RepositoryConfigurationExtensionSupport [restartedMain] Spring Data JDBC - Could not safely identify store assignment for repository candidate interface com.tokioschool.web.repository.RoleRepository; If you want this repository to be a JDBC repository, consider annotating your entities with one of these annotations: org.springframework.data.relational.core.mapping.Table.
2023-03-28 08:18:17,864 INFO org.springframework.data.repository.config.RepositoryConfigurationExtensionSupport [restartedMain] Spring Data JDBC - Could not safely identify store assignment for repository candidate interface com.tokioschool.web.repository.ScoreRepository; If you want this repository to be a JDBC repository, consider annotating your entities with one of these annotations: org.springframework.data.relational.core.mapping.Table.
2023-03-28 08:18:17,865 INFO org.springframework.data.repository.config.RepositoryConfigurationExtensionSupport [restartedMain] Spring Data JDBC - Could not safely identify store assignment for repository candidate interface com.tokioschool.web.repository.UserRepository; If you want this repository to be a JDBC repository, consider annotating your entities with one of these annotations: org.springframework.data.relational.core.mapping.Table.
2023-03-28 08:18:17,865 INFO org.springframework.data.repository.config.RepositoryConfigurationDelegate [restartedMain] Finished Spring Data repository scanning in 23 ms. Found 0 JDBC repository interfaces.
2023-03-28 08:18:17,871 INFO org.springframework.data.repository.config.RepositoryConfigurationDelegate [restartedMain] Multiple Spring Data modules found, entering strict repository configuration mode
2023-03-28 08:18:17,871 INFO org.springframework.data.repository.config.RepositoryConfigurationDelegate [restartedMain] Bootstrapping Spring Data JPA repositories in DEFAULT mode.
2023-03-28 08:18:17,900 INFO org.springframework.data.repository.config.RepositoryConfigurationDelegate [restartedMain] Finished Spring Data repository scanning in 24 ms. Found 6 JPA repository interfaces.
2023-03-28 08:18:18,333 INFO org.springframework.boot.web.embedded.tomcat.TomcatWebServer [restartedMain] Tomcat initialized with port(s): 8080 (http)
2023-03-28 08:18:18,343 INFO org.apache.juli.logging.DirectJDKLog [restartedMain] Initializing ProtocolHandler ["http-nio-8080"]
2023-03-28 08:18:18,343 INFO org.apache.juli.logging.DirectJDKLog [restartedMain] Starting service [Tomcat]
2023-03-28 08:18:18,344 INFO org.apache.juli.logging.DirectJDKLog [restartedMain] Starting Servlet engine: [Apache Tomcat/9.0.69]
2023-03-28 08:18:18,404 INFO org.apache.juli.logging.DirectJDKLog [restartedMain] Initializing Spring embedded WebApplicationContext
2023-03-28 08:18:18,404 INFO org.springframework.boot.web.servlet.context.ServletWebServerApplicationContext [restartedMain] Root WebApplicationContext: initialization completed in 1396 ms
2023-03-28 08:18:18,617 INFO org.hibernate.jpa.internal.util.LogHelper [restartedMain] HHH000204: Processing PersistenceUnitInfo [name: default]
2023-03-28 08:18:18,653 INFO org.hibernate.Version [restartedMain] HHH000412: Hibernate ORM core version 5.6.14.Final
2023-03-28 08:18:18,757 INFO org.hibernate.annotations.common.reflection.java.JavaReflectionManager [restartedMain] HCANN000001: Hibernate Commons Annotations {5.1.2.Final}
2023-03-28 08:18:18,832 INFO com.zaxxer.hikari.HikariDataSource [restartedMain] HikariPool-1 - Starting...
2023-03-28 08:18:18,941 INFO com.zaxxer.hikari.HikariDataSource [restartedMain] HikariPool-1 - Start completed.
2023-03-28 08:18:18,961 INFO org.hibernate.dialect.Dialect [restartedMain] HHH000400: Using dialect: org.hibernate.dialect.MySQL55Dialect
2023-03-28 08:18:19,527 INFO org.hibernate.engine.transaction.jta.platform.internal.JtaPlatformInitiator [restartedMain] HHH000490: Using JtaPlatform implementation: [org.hibernate.engine.transaction.jta.platform.internal.NoJtaPlatform]
2023-03-28 08:18:19,533 INFO org.springframework.orm.jpa.AbstractEntityManagerFactoryBean [restartedMain] Initialized JPA EntityManagerFactory for persistence unit 'default'
2023-03-28 08:18:19,969 WARN org.springframework.boot.autoconfigure.orm.jpa.JpaBaseConfiguration$JpaWebConfiguration [restartedMain] spring.jpa.open-in-view is enabled by default. Therefore, database queries may be performed during view rendering. Explicitly configure spring.jpa.open-in-view to disable this warning
2023-03-28 08:18:19,981 INFO com.tokioschool.web.config.FilmImageConfig [restartedMain] Comprobamos existencia directorio
2023-03-28 08:18:20,128 WARN org.springframework.security.config.annotation.web.builders.WebSecurity [restartedMain] You are asking Spring Security to ignore Ant [pattern='/resources/**']. This is not recommended -- please use permitAll via HttpSecurity#authorizeHttpRequests instead.
2023-03-28 08:18:20,129 INFO org.springframework.security.web.DefaultSecurityFilterChain [restartedMain] Will not secure Ant [pattern='/resources/**']
2023-03-28 08:18:20,129 WARN org.springframework.security.config.annotation.web.builders.WebSecurity [restartedMain] You are asking Spring Security to ignore Ant [pattern='/static/**']. This is not recommended -- please use permitAll via HttpSecurity#authorizeHttpRequests instead.
2023-03-28 08:18:20,129 INFO org.springframework.security.web.DefaultSecurityFilterChain [restartedMain] Will not secure Ant [pattern='/static/**']
2023-03-28 08:18:20,129 WARN org.springframework.security.config.annotation.web.builders.WebSecurity [restartedMain] You are asking Spring Security to ignore Ant [pattern='/templates/**']. This is not recommended -- please use permitAll via HttpSecurity#authorizeHttpRequests instead.
2023-03-28 08:18:20,130 INFO org.springframework.security.web.DefaultSecurityFilterChain [restartedMain] Will not secure Ant [pattern='/templates/**']
2023-03-28 08:18:20,130 WARN org.springframework.security.config.annotation.web.builders.WebSecurity [restartedMain] You are asking Spring Security to ignore Ant [pattern='/css/**']. This is not recommended -- please use permitAll via HttpSecurity#authorizeHttpRequests instead.
2023-03-28 08:18:20,130 INFO org.springframework.security.web.DefaultSecurityFilterChain [restartedMain] Will not secure Ant [pattern='/css/**']
2023-03-28 08:18:20,130 WARN org.springframework.security.config.annotation.web.builders.WebSecurity [restartedMain] You are asking Spring Security to ignore Ant [pattern='/js/**']. This is not recommended -- please use permitAll via HttpSecurity#authorizeHttpRequests instead.
2023-03-28 08:18:20,130 INFO org.springframework.security.web.DefaultSecurityFilterChain [restartedMain] Will not secure Ant [pattern='/js/**']
2023-03-28 08:18:20,130 WARN org.springframework.security.config.annotation.web.builders.WebSecurity [restartedMain] You are asking Spring Security to ignore Ant [pattern='/images/**']. This is not recommended -- please use permitAll via HttpSecurity#authorizeHttpRequests instead.
2023-03-28 08:18:20,130 INFO org.springframework.security.web.DefaultSecurityFilterChain [restartedMain] Will not secure Ant [pattern='/images/**']
2023-03-28 08:18:20,131 WARN org.springframework.security.config.annotation.web.builders.WebSecurity [restartedMain] You are asking Spring Security to ignore Ant [pattern='/fonts/**']. This is not recommended -- please use permitAll via HttpSecurity#authorizeHttpRequests instead.
2023-03-28 08:18:20,131 INFO org.springframework.security.web.DefaultSecurityFilterChain [restartedMain] Will not secure Ant [pattern='/fonts/**']
2023-03-28 08:18:20,131 WARN org.springframework.security.config.annotation.web.builders.WebSecurity [restartedMain] You are asking Spring Security to ignore Ant [pattern='/webjars/**']. This is not recommended -- please use permitAll via HttpSecurity#authorizeHttpRequests instead.
2023-03-28 08:18:20,131 INFO org.springframework.security.web.DefaultSecurityFilterChain [restartedMain] Will not secure Ant [pattern='/webjars/**']
2023-03-28 08:18:20,131 WARN org.springframework.security.config.annotation.web.builders.WebSecurity [restartedMain] You are asking Spring Security to ignore Ant [pattern='/error/**']. This is not recommended -- please use permitAll via HttpSecurity#authorizeHttpRequests instead.
2023-03-28 08:18:20,131 INFO org.springframework.security.web.DefaultSecurityFilterChain [restartedMain] Will not secure Ant [pattern='/error/**']
2023-03-28 08:18:20,168 INFO org.springframework.security.web.DefaultSecurityFilterChain [restartedMain] Will secure any request with [org.springframework.security.web.session.DisableEncodeUrlFilter@6a67ba36, org.springframework.security.web.context.request.async.WebAsyncManagerIntegrationFilter@65da4e3, org.springframework.security.web.context.SecurityContextPersistenceFilter@22a2dbbf, org.springframework.security.web.header.HeaderWriterFilter@607966ab, org.springframework.security.web.csrf.CsrfFilter@1d8bca45, org.springframework.security.web.authentication.logout.LogoutFilter@71a70593, org.springframework.security.web.authentication.UsernamePasswordAuthenticationFilter@6f429ee7, org.springframework.security.web.savedrequest.RequestCacheAwareFilter@79a8a203, org.springframework.security.web.servletapi.SecurityContextHolderAwareRequestFilter@71296559, org.springframework.security.web.authentication.AnonymousAuthenticationFilter@7d13b769, org.springframework.security.web.session.SessionManagementFilter@2d02e61f, org.springframework.security.web.access.ExceptionTranslationFilter@4a6e411, org.springframework.security.web.access.intercept.FilterSecurityInterceptor@272566d1]
2023-03-28 08:18:20,245 INFO org.springframework.boot.autoconfigure.web.servlet.WelcomePageHandlerMapping [restartedMain] Adding welcome page template: index
2023-03-28 08:18:20,537 WARN org.springframework.boot.devtools.autoconfigure.OptionalLiveReloadServer [restartedMain] Unable to start LiveReload server
2023-03-28 08:18:20,541 INFO org.springframework.boot.actuate.endpoint.web.EndpointLinksResolver [restartedMain] Exposing 1 endpoint(s) beneath base path '/actuator'
2023-03-28 08:18:20,567 INFO org.apache.juli.logging.DirectJDKLog [restartedMain] Starting ProtocolHandler ["http-nio-8080"]
2023-03-28 08:18:20,580 INFO org.springframework.boot.web.embedded.tomcat.TomcatWebServer [restartedMain] Tomcat started on port(s): 8080 (http) with context path ''
2023-03-28 08:18:20,593 INFO org.springframework.boot.StartupInfoLogger [restartedMain] Started ProyectoApplication in 3.938 seconds (JVM running for 4.364)
2023-03-28 08:18:21,789 INFO org.apache.juli.logging.DirectJDKLog [RMI TCP Connection(5)-127.0.0.1] Initializing Spring DispatcherServlet 'dispatcherServlet'
2023-03-28 08:18:21,789 INFO org.springframework.web.servlet.FrameworkServlet [RMI TCP Connection(5)-127.0.0.1] Initializing Servlet 'dispatcherServlet'
2023-03-28 08:18:21,790 INFO org.springframework.web.servlet.FrameworkServlet [RMI TCP Connection(5)-127.0.0.1] Completed initialization in 1 ms
2023-03-28 08:18:37,956 INFO com.tokioschool.web.util.HelperRest [http-nio-8080-exec-6] No hay token procedemos a solicitar uno
2023-03-28 08:18:38,016 WARN org.springframework.web.servlet.handler.AbstractHandlerExceptionResolver [http-nio-8080-exec-6] Resolved [org.springframework.web.client.HttpClientErrorException$Unauthorized: 401 : [no body]]
2023-03-28 08:32:27,273 INFO com.tokioschool.web.util.HelperRest [http-nio-8080-exec-4] No hay token procedemos a solicitar uno
2023-03-28 08:32:27,276 WARN org.springframework.web.servlet.handler.AbstractHandlerExceptionResolver [http-nio-8080-exec-4] Resolved [org.springframework.web.client.ResourceAccessException: I/O error on POST request for "http://localhost:8089/login": Connection refused: connect; nested exception is java.net.ConnectException: Connection refused: connect]
2023-03-28 08:34:29,782 INFO com.tokioschool.web.util.HelperRest [http-nio-8080-exec-1] No hay token procedemos a solicitar uno
2023-03-28 08:34:29,940 INFO com.tokioschool.web.util.HelperRest [http-nio-8080-exec-1] Token Generado
2023-03-28 08:34:29,941 INFO com.tokioschool.web.controller.ControllerFilm [http-nio-8080-exec-1] Procedemos a mandar la solicitud
2023-03-28 08:34:30,063 INFO com.tokioschool.web.controller.ControllerFilm [http-nio-8080-exec-1] recibimos la solicitud en el response
2023-03-28 08:57:19,845 INFO org.springframework.boot.admin.SpringApplicationAdminMXBeanRegistrar$SpringApplicationAdmin [RMI TCP Connection(44)-127.0.0.1] Application shutdown requested.
2023-03-28 08:57:19,851 INFO org.apache.juli.logging.DirectJDKLog [RMI TCP Connection(44)-127.0.0.1] Pausing ProtocolHandler ["http-nio-8080"]
2023-03-28 08:57:19,852 INFO org.apache.juli.logging.DirectJDKLog [RMI TCP Connection(44)-127.0.0.1] Stopping service [Tomcat]
2023-03-28 08:57:19,853 INFO org.apache.juli.logging.DirectJDKLog [RMI TCP Connection(44)-127.0.0.1] Destroying Spring FrameworkServlet 'dispatcherServlet'
2023-03-28 08:57:19,859 INFO org.apache.juli.logging.DirectJDKLog [RMI TCP Connection(44)-127.0.0.1] Stopping ProtocolHandler ["http-nio-8080"]
2023-03-28 08:57:19,861 INFO org.apache.juli.logging.DirectJDKLog [RMI TCP Connection(44)-127.0.0.1] Destroying ProtocolHandler ["http-nio-8080"]
2023-03-28 08:57:19,867 INFO org.springframework.orm.jpa.AbstractEntityManagerFactoryBean [RMI TCP Connection(44)-127.0.0.1] Closing JPA EntityManagerFactory for persistence unit 'default'
2023-03-28 08:57:19,869 INFO com.zaxxer.hikari.HikariDataSource [RMI TCP Connection(44)-127.0.0.1] HikariPool-1 - Shutdown initiated...
2023-03-28 08:57:19,872 INFO com.zaxxer.hikari.HikariDataSource [RMI TCP Connection(44)-127.0.0.1] HikariPool-1 - Shutdown completed.
2023-03-28 09:52:47,254 INFO org.springframework.boot.StartupInfoLogger [restartedMain] Starting ProyectoApplication using Java 17.0.3.1 on DESKTOP-U83I70G with PID 15168 (E:\springboot\proyecto\target\classes started by jsusi in E:\springboot\proyecto)
2023-03-28 09:52:47,255 INFO org.springframework.boot.SpringApplication [restartedMain] No active profile set, falling back to 1 default profile: "default"
2023-03-28 09:52:47,286 INFO org.springframework.boot.logging.DeferredLog [restartedMain] Devtools property defaults active! Set 'spring.devtools.add-properties' to 'false' to disable
2023-03-28 09:52:47,286 INFO org.springframework.boot.logging.DeferredLog [restartedMain] For additional web related logging consider setting the 'logging.level.web' property to 'DEBUG'
2023-03-28 09:52:47,876 INFO org.springframework.data.repository.config.RepositoryConfigurationDelegate [restartedMain] Multiple Spring Data modules found, entering strict repository configuration mode
2023-03-28 09:52:47,877 INFO org.springframework.data.repository.config.RepositoryConfigurationDelegate [restartedMain] Bootstrapping Spring Data JDBC repositories in DEFAULT mode.
2023-03-28 09:52:47,896 INFO org.springframework.data.repository.config.RepositoryConfigurationExtensionSupport [restartedMain] Spring Data JDBC - Could not safely identify store assignment for repository candidate interface com.tokioschool.web.repository.FilmRepository; If you want this repository to be a JDBC repository, consider annotating your entities with one of these annotations: org.springframework.data.relational.core.mapping.Table.
2023-03-28 09:52:47,897 INFO org.springframework.data.repository.config.RepositoryConfigurationExtensionSupport [restartedMain] Spring Data JDBC - Could not safely identify store assignment for repository candidate interface com.tokioschool.web.repository.PersonRepository; If you want this repository to be a JDBC repository, consider annotating your entities with one of these annotations: org.springframework.data.relational.core.mapping.Table.
2023-03-28 09:52:47,898 INFO org.springframework.data.repository.config.RepositoryConfigurationExtensionSupport [restartedMain] Spring Data JDBC - Could not safely identify store assignment for repository candidate interface com.tokioschool.web.repository.ReviewRepository; If you want this repository to be a JDBC repository, consider annotating your entities with one of these annotations: org.springframework.data.relational.core.mapping.Table.
2023-03-28 09:52:47,898 INFO org.springframework.data.repository.config.RepositoryConfigurationExtensionSupport [restartedMain] Spring Data JDBC - Could not safely identify store assignment for repository candidate interface com.tokioschool.web.repository.RoleRepository; If you want this repository to be a JDBC repository, consider annotating your entities with one of these annotations: org.springframework.data.relational.core.mapping.Table.
2023-03-28 09:52:47,899 INFO org.springframework.data.repository.config.RepositoryConfigurationExtensionSupport [restartedMain] Spring Data JDBC - Could not safely identify store assignment for repository candidate interface com.tokioschool.web.repository.ScoreRepository; If you want this repository to be a JDBC repository, consider annotating your entities with one of these annotations: org.springframework.data.relational.core.mapping.Table.
2023-03-28 09:52:47,900 INFO org.springframework.data.repository.config.RepositoryConfigurationExtensionSupport [restartedMain] Spring Data JDBC - Could not safely identify store assignment for repository candidate interface com.tokioschool.web.repository.UserRepository; If you want this repository to be a JDBC repository, consider annotating your entities with one of these annotations: org.springframework.data.relational.core.mapping.Table.
2023-03-28 09:52:47,901 INFO org.springframework.data.repository.config.RepositoryConfigurationDelegate [restartedMain] Finished Spring Data repository scanning in 21 ms. Found 0 JDBC repository interfaces.
2023-03-28 09:52:47,907 INFO org.springframework.data.repository.config.RepositoryConfigurationDelegate [restartedMain] Multiple Spring Data modules found, entering strict repository configuration mode
2023-03-28 09:52:47,908 INFO org.springframework.data.repository.config.RepositoryConfigurationDelegate [restartedMain] Bootstrapping Spring Data JPA repositories in DEFAULT mode.
2023-03-28 09:52:47,936 INFO org.springframework.data.repository.config.RepositoryConfigurationDelegate [restartedMain] Finished Spring Data repository scanning in 24 ms. Found 6 JPA repository interfaces.
2023-03-28 09:52:48,338 INFO org.springframework.boot.web.embedded.tomcat.TomcatWebServer [restartedMain] Tomcat initialized with port(s): 8080 (http)
2023-03-28 09:52:48,346 INFO org.apache.juli.logging.DirectJDKLog [restartedMain] Initializing ProtocolHandler ["http-nio-8080"]
2023-03-28 09:52:48,346 INFO org.apache.juli.logging.DirectJDKLog [restartedMain] Starting service [Tomcat]
2023-03-28 09:52:48,346 INFO org.apache.juli.logging.DirectJDKLog [restartedMain] Starting Servlet engine: [Apache Tomcat/9.0.69]
2023-03-28 09:52:48,413 INFO org.apache.juli.logging.DirectJDKLog [restartedMain] Initializing Spring embedded WebApplicationContext
2023-03-28 09:52:48,413 INFO org.springframework.boot.web.servlet.context.ServletWebServerApplicationContext [restartedMain] Root WebApplicationContext: initialization completed in 1126 ms
2023-03-28 09:52:48,624 INFO org.hibernate.jpa.internal.util.LogHelper [restartedMain] HHH000204: Processing PersistenceUnitInfo [name: default]
2023-03-28 09:52:48,655 INFO org.hibernate.Version [restartedMain] HHH000412: Hibernate ORM core version 5.6.14.Final
2023-03-28 09:52:48,762 INFO org.hibernate.annotations.common.reflection.java.JavaReflectionManager [restartedMain] HCANN000001: Hibernate Commons Annotations {5.1.2.Final}
2023-03-28 09:52:48,832 INFO com.zaxxer.hikari.HikariDataSource [restartedMain] HikariPool-1 - Starting...
2023-03-28 09:52:48,934 INFO com.zaxxer.hikari.HikariDataSource [restartedMain] HikariPool-1 - Start completed.
2023-03-28 09:52:48,954 INFO org.hibernate.dialect.Dialect [restartedMain] HHH000400: Using dialect: org.hibernate.dialect.MySQL55Dialect
2023-03-28 09:52:49,504 INFO org.hibernate.engine.transaction.jta.platform.internal.JtaPlatformInitiator [restartedMain] HHH000490: Using JtaPlatform implementation: [org.hibernate.engine.transaction.jta.platform.internal.NoJtaPlatform]
2023-03-28 09:52:49,509 INFO org.springframework.orm.jpa.AbstractEntityManagerFactoryBean [restartedMain] Initialized JPA EntityManagerFactory for persistence unit 'default'
2023-03-28 09:52:49,918 WARN org.springframework.boot.autoconfigure.orm.jpa.JpaBaseConfiguration$JpaWebConfiguration [restartedMain] spring.jpa.open-in-view is enabled by default. Therefore, database queries may be performed during view rendering. Explicitly configure spring.jpa.open-in-view to disable this warning
2023-03-28 09:52:49,930 INFO com.tokioschool.web.config.FilmImageConfig [restartedMain] Comprobamos existencia directorio
2023-03-28 09:52:50,072 WARN org.springframework.security.config.annotation.web.builders.WebSecurity [restartedMain] You are asking Spring Security to ignore Ant [pattern='/resources/**']. This is not recommended -- please use permitAll via HttpSecurity#authorizeHttpRequests instead.
2023-03-28 09:52:50,073 INFO org.springframework.security.web.DefaultSecurityFilterChain [restartedMain] Will not secure Ant [pattern='/resources/**']
2023-03-28 09:52:50,073 WARN org.springframework.security.config.annotation.web.builders.WebSecurity [restartedMain] You are asking Spring Security to ignore Ant [pattern='/static/**']. This is not recommended -- please use permitAll via HttpSecurity#authorizeHttpRequests instead.
2023-03-28 09:52:50,073 INFO org.springframework.security.web.DefaultSecurityFilterChain [restartedMain] Will not secure Ant [pattern='/static/**']
2023-03-28 09:52:50,073 WARN org.springframework.security.config.annotation.web.builders.WebSecurity [restartedMain] You are asking Spring Security to ignore Ant [pattern='/templates/**']. This is not recommended -- please use permitAll via HttpSecurity#authorizeHttpRequests instead.
2023-03-28 09:52:50,074 INFO org.springframework.security.web.DefaultSecurityFilterChain [restartedMain] Will not secure Ant [pattern='/templates/**']
2023-03-28 09:52:50,074 WARN org.springframework.security.config.annotation.web.builders.WebSecurity [restartedMain] You are asking Spring Security to ignore Ant [pattern='/css/**']. This is not recommended -- please use permitAll via HttpSecurity#authorizeHttpRequests instead.
2023-03-28 09:52:50,074 INFO org.springframework.security.web.DefaultSecurityFilterChain [restartedMain] Will not secure Ant [pattern='/css/**']
2023-03-28 09:52:50,074 WARN org.springframework.security.config.annotation.web.builders.WebSecurity [restartedMain] You are asking Spring Security to ignore Ant [pattern='/js/**']. This is not recommended -- please use permitAll via HttpSecurity#authorizeHttpRequests instead.
2023-03-28 09:52:50,074 INFO org.springframework.security.web.DefaultSecurityFilterChain [restartedMain] Will not secure Ant [pattern='/js/**']
2023-03-28 09:52:50,074 WARN org.springframework.security.config.annotation.web.builders.WebSecurity [restartedMain] You are asking Spring Security to ignore Ant [pattern='/images/**']. This is not recommended -- please use permitAll via HttpSecurity#authorizeHttpRequests instead.
2023-03-28 09:52:50,074 INFO org.springframework.security.web.DefaultSecurityFilterChain [restartedMain] Will not secure Ant [pattern='/images/**']
2023-03-28 09:52:50,074 WARN org.springframework.security.config.annotation.web.builders.WebSecurity [restartedMain] You are asking Spring Security to ignore Ant [pattern='/fonts/**']. This is not recommended -- please use permitAll via HttpSecurity#authorizeHttpRequests instead.
2023-03-28 09:52:50,074 INFO org.springframework.security.web.DefaultSecurityFilterChain [restartedMain] Will not secure Ant [pattern='/fonts/**']
2023-03-28 09:52:50,074 WARN org.springframework.security.config.annotation.web.builders.WebSecurity [restartedMain] You are asking Spring Security to ignore Ant [pattern='/webjars/**']. This is not recommended -- please use permitAll via HttpSecurity#authorizeHttpRequests instead.
2023-03-28 09:52:50,074 INFO org.springframework.security.web.DefaultSecurityFilterChain [restartedMain] Will not secure Ant [pattern='/webjars/**']
2023-03-28 09:52:50,074 WARN org.springframework.security.config.annotation.web.builders.WebSecurity [restartedMain] You are asking Spring Security to ignore Ant [pattern='/error/**']. This is not recommended -- please use permitAll via HttpSecurity#authorizeHttpRequests instead.
2023-03-28 09:52:50,075 INFO org.springframework.security.web.DefaultSecurityFilterChain [restartedMain] Will not secure Ant [pattern='/error/**']
2023-03-28 09:52:50,109 INFO org.springframework.security.web.DefaultSecurityFilterChain [restartedMain] Will secure any request with [org.springframework.security.web.session.DisableEncodeUrlFilter@51edf4fe, org.springframework.security.web.context.request.async.WebAsyncManagerIntegrationFilter@5b7845a4, org.springframework.security.web.context.SecurityContextPersistenceFilter@7208d790, org.springframework.security.web.header.HeaderWriterFilter@4df224f3, org.springframework.security.web.csrf.CsrfFilter@6413eb45, org.springframework.security.web.authentication.logout.LogoutFilter@7feff50b, org.springframework.security.web.authentication.UsernamePasswordAuthenticationFilter@5d0b2662, org.springframework.security.web.savedrequest.RequestCacheAwareFilter@67dd45ef, org.springframework.security.web.servletapi.SecurityContextHolderAwareRequestFilter@c052ad4, org.springframework.security.web.authentication.AnonymousAuthenticationFilter@5f44409f, org.springframework.security.web.session.SessionManagementFilter@109fa730, org.springframework.security.web.access.ExceptionTranslationFilter@c91240e, org.springframework.security.web.access.intercept.FilterSecurityInterceptor@2f0b70b]
2023-03-28 09:52:50,183 INFO org.springframework.boot.autoconfigure.web.servlet.WelcomePageHandlerMapping [restartedMain] Adding welcome page template: index
2023-03-28 09:52:50,458 WARN org.springframework.boot.devtools.autoconfigure.OptionalLiveReloadServer [restartedMain] Unable to start LiveReload server
2023-03-28 09:52:50,461 INFO org.springframework.boot.actuate.endpoint.web.EndpointLinksResolver [restartedMain] Exposing 1 endpoint(s) beneath base path '/actuator'
2023-03-28 09:52:50,484 INFO org.apache.juli.logging.DirectJDKLog [restartedMain] Starting ProtocolHandler ["http-nio-8080"]
2023-03-28 09:52:50,497 INFO org.springframework.boot.web.embedded.tomcat.TomcatWebServer [restartedMain] Tomcat started on port(s): 8080 (http) with context path ''
2023-03-28 09:52:50,510 INFO org.springframework.boot.StartupInfoLogger [restartedMain] Started ProyectoApplication in 3.519 seconds (JVM running for 3.942)
2023-03-28 09:52:51,448 INFO org.apache.juli.logging.DirectJDKLog [RMI TCP Connection(5)-127.0.0.1] Initializing Spring DispatcherServlet 'dispatcherServlet'
2023-03-28 09:52:51,448 INFO org.springframework.web.servlet.FrameworkServlet [RMI TCP Connection(5)-127.0.0.1] Initializing Servlet 'dispatcherServlet'
2023-03-28 09:52:51,449 INFO org.springframework.web.servlet.FrameworkServlet [RMI TCP Connection(5)-127.0.0.1] Completed initialization in 1 ms
2023-03-28 09:53:07,374 INFO com.tokioschool.web.util.HelperRest [http-nio-8080-exec-6] No hay token procedemos a solicitar uno
2023-03-28 09:53:07,530 WARN org.springframework.web.servlet.handler.AbstractHandlerExceptionResolver [http-nio-8080-exec-6] Resolved [org.springframework.web.client.HttpClientErrorException$Unauthorized: 401 : [no body]]
2023-03-28 09:53:25,593 INFO org.springframework.boot.admin.SpringApplicationAdminMXBeanRegistrar$SpringApplicationAdmin [RMI TCP Connection(7)-127.0.0.1] Application shutdown requested.
2023-03-28 09:53:25,599 INFO org.apache.juli.logging.DirectJDKLog [RMI TCP Connection(7)-127.0.0.1] Pausing ProtocolHandler ["http-nio-8080"]
2023-03-28 09:53:25,599 INFO org.apache.juli.logging.DirectJDKLog [RMI TCP Connection(7)-127.0.0.1] Stopping service [Tomcat]
2023-03-28 09:53:25,600 INFO org.apache.juli.logging.DirectJDKLog [RMI TCP Connection(7)-127.0.0.1] Destroying Spring FrameworkServlet 'dispatcherServlet'
2023-03-28 09:53:25,605 INFO org.apache.juli.logging.DirectJDKLog [RMI TCP Connection(7)-127.0.0.1] Stopping ProtocolHandler ["http-nio-8080"]
2023-03-28 09:53:25,607 INFO org.apache.juli.logging.DirectJDKLog [RMI TCP Connection(7)-127.0.0.1] Destroying ProtocolHandler ["http-nio-8080"]
2023-03-28 09:53:25,612 INFO org.springframework.orm.jpa.AbstractEntityManagerFactoryBean [RMI TCP Connection(7)-127.0.0.1] Closing JPA EntityManagerFactory for persistence unit 'default'
2023-03-28 09:53:25,614 INFO com.zaxxer.hikari.HikariDataSource [RMI TCP Connection(7)-127.0.0.1] HikariPool-1 - Shutdown initiated...
2023-03-28 09:53:25,619 INFO com.zaxxer.hikari.HikariDataSource [RMI TCP Connection(7)-127.0.0.1] HikariPool-1 - Shutdown completed.
2023-03-28 09:53:34,348 INFO org.springframework.boot.StartupInfoLogger [restartedMain] Starting ProyectoApplication using Java 17.0.3.1 on DESKTOP-U83I70G with PID 1048 (E:\springboot\proyecto\target\classes started by jsusi in E:\springboot\proyecto)
2023-03-28 09:53:34,349 INFO org.springframework.boot.SpringApplication [restartedMain] No active profile set, falling back to 1 default profile: "default"
2023-03-28 09:53:34,385 INFO org.springframework.boot.logging.DeferredLog [restartedMain] Devtools property defaults active! Set 'spring.devtools.add-properties' to 'false' to disable
2023-03-28 09:53:34,385 INFO org.springframework.boot.logging.DeferredLog [restartedMain] For additional web related logging consider setting the 'logging.level.web' property to 'DEBUG'
2023-03-28 09:53:35,102 INFO org.springframework.data.repository.config.RepositoryConfigurationDelegate [restartedMain] Multiple Spring Data modules found, entering strict repository configuration mode
2023-03-28 09:53:35,103 INFO org.springframework.data.repository.config.RepositoryConfigurationDelegate [restartedMain] Bootstrapping Spring Data JDBC repositories in DEFAULT mode.
2023-03-28 09:53:35,125 INFO org.springframework.data.repository.config.RepositoryConfigurationExtensionSupport [restartedMain] Spring Data JDBC - Could not safely identify store assignment for repository candidate interface com.tokioschool.web.repository.FilmRepository; If you want this repository to be a JDBC repository, consider annotating your entities with one of these annotations: org.springframework.data.relational.core.mapping.Table.
2023-03-28 09:53:35,126 INFO org.springframework.data.repository.config.RepositoryConfigurationExtensionSupport [restartedMain] Spring Data JDBC - Could not safely identify store assignment for repository candidate interface com.tokioschool.web.repository.PersonRepository; If you want this repository to be a JDBC repository, consider annotating your entities with one of these annotations: org.springframework.data.relational.core.mapping.Table.
2023-03-28 09:53:35,127 INFO org.springframework.data.repository.config.RepositoryConfigurationExtensionSupport [restartedMain] Spring Data JDBC - Could not safely identify store assignment for repository candidate interface com.tokioschool.web.repository.ReviewRepository; If you want this repository to be a JDBC repository, consider annotating your entities with one of these annotations: org.springframework.data.relational.core.mapping.Table.
2023-03-28 09:53:35,128 INFO org.springframework.data.repository.config.RepositoryConfigurationExtensionSupport [restartedMain] Spring Data JDBC - Could not safely identify store assignment for repository candidate interface com.tokioschool.web.repository.RoleRepository; If you want this repository to be a JDBC repository, consider annotating your entities with one of these annotations: org.springframework.data.relational.core.mapping.Table.
2023-03-28 09:53:35,129 INFO org.springframework.data.repository.config.RepositoryConfigurationExtensionSupport [restartedMain] Spring Data JDBC - Could not safely identify store assignment for repository candidate interface com.tokioschool.web.repository.ScoreRepository; If you want this repository to be a JDBC repository, consider annotating your entities with one of these annotations: org.springframework.data.relational.core.mapping.Table.
2023-03-28 09:53:35,130 INFO org.springframework.data.repository.config.RepositoryConfigurationExtensionSupport [restartedMain] Spring Data JDBC - Could not safely identify store assignment for repository candidate interface com.tokioschool.web.repository.UserRepository; If you want this repository to be a JDBC repository, consider annotating your entities with one of these annotations: org.springframework.data.relational.core.mapping.Table.
2023-03-28 09:53:35,131 INFO org.springframework.data.repository.config.RepositoryConfigurationDelegate [restartedMain] Finished Spring Data repository scanning in 23 ms. Found 0 JDBC repository interfaces.
2023-03-28 09:53:35,136 INFO org.springframework.data.repository.config.RepositoryConfigurationDelegate [restartedMain] Multiple Spring Data modules found, entering strict repository configuration mode
2023-03-28 09:53:35,137 INFO org.springframework.data.repository.config.RepositoryConfigurationDelegate [restartedMain] Bootstrapping Spring Data JPA repositories in DEFAULT mode.
2023-03-28 09:53:35,168 INFO org.springframework.data.repository.config.RepositoryConfigurationDelegate [restartedMain] Finished Spring Data repository scanning in 27 ms. Found 6 JPA repository interfaces.
2023-03-28 09:53:35,640 INFO org.springframework.boot.web.embedded.tomcat.TomcatWebServer [restartedMain] Tomcat initialized with port(s): 8080 (http)
2023-03-28 09:53:35,648 INFO org.apache.juli.logging.DirectJDKLog [restartedMain] Initializing ProtocolHandler ["http-nio-8080"]
2023-03-28 09:53:35,648 INFO org.apache.juli.logging.DirectJDKLog [restartedMain] Starting service [Tomcat]
2023-03-28 09:53:35,648 INFO org.apache.juli.logging.DirectJDKLog [restartedMain] Starting Servlet engine: [Apache Tomcat/9.0.69]
2023-03-28 09:53:35,716 INFO org.apache.juli.logging.DirectJDKLog [restartedMain] Initializing Spring embedded WebApplicationContext
2023-03-28 09:53:35,716 INFO org.springframework.boot.web.servlet.context.ServletWebServerApplicationContext [restartedMain] Root WebApplicationContext: initialization completed in 1331 ms
2023-03-28 09:53:35,949 INFO org.hibernate.jpa.internal.util.LogHelper [restartedMain] HHH000204: Processing PersistenceUnitInfo [name: default]
2023-03-28 09:53:35,985 INFO org.hibernate.Version [restartedMain] HHH000412: Hibernate ORM core version 5.6.14.Final
2023-03-28 09:53:36,115 INFO org.hibernate.annotations.common.reflection.java.JavaReflectionManager [restartedMain] HCANN000001: Hibernate Commons Annotations {5.1.2.Final}
2023-03-28 09:53:36,192 INFO com.zaxxer.hikari.HikariDataSource [restartedMain] HikariPool-1 - Starting...
2023-03-28 09:53:36,321 INFO com.zaxxer.hikari.HikariDataSource [restartedMain] HikariPool-1 - Start completed.
2023-03-28 09:53:36,343 INFO org.hibernate.dialect.Dialect [restartedMain] HHH000400: Using dialect: org.hibernate.dialect.MySQL55Dialect
2023-03-28 09:53:36,959 INFO org.hibernate.engine.transaction.jta.platform.internal.JtaPlatformInitiator [restartedMain] HHH000490: Using JtaPlatform implementation: [org.hibernate.engine.transaction.jta.platform.internal.NoJtaPlatform]
2023-03-28 09:53:36,965 INFO org.springframework.orm.jpa.AbstractEntityManagerFactoryBean [restartedMain] Initialized JPA EntityManagerFactory for persistence unit 'default'
2023-03-28 09:53:37,458 WARN org.springframework.boot.autoconfigure.orm.jpa.JpaBaseConfiguration$JpaWebConfiguration [restartedMain] spring.jpa.open-in-view is enabled by default. Therefore, database queries may be performed during view rendering. Explicitly configure spring.jpa.open-in-view to disable this warning
2023-03-28 09:53:37,472 INFO com.tokioschool.web.config.FilmImageConfig [restartedMain] Comprobamos existencia directorio
2023-03-28 09:53:37,645 WARN org.springframework.security.config.annotation.web.builders.WebSecurity [restartedMain] You are asking Spring Security to ignore Ant [pattern='/resources/**']. This is not recommended -- please use permitAll via HttpSecurity#authorizeHttpRequests instead.
2023-03-28 09:53:37,646 INFO org.springframework.security.web.DefaultSecurityFilterChain [restartedMain] Will not secure Ant [pattern='/resources/**']
2023-03-28 09:53:37,646 WARN org.springframework.security.config.annotation.web.builders.WebSecurity [restartedMain] You are asking Spring Security to ignore Ant [pattern='/static/**']. This is not recommended -- please use permitAll via HttpSecurity#authorizeHttpRequests instead.
2023-03-28 09:53:37,646 INFO org.springframework.security.web.DefaultSecurityFilterChain [restartedMain] Will not secure Ant [pattern='/static/**']
2023-03-28 09:53:37,647 WARN org.springframework.security.config.annotation.web.builders.WebSecurity [restartedMain] You are asking Spring Security to ignore Ant [pattern='/templates/**']. This is not recommended -- please use permitAll via HttpSecurity#authorizeHttpRequests instead.
2023-03-28 09:53:37,647 INFO org.springframework.security.web.DefaultSecurityFilterChain [restartedMain] Will not secure Ant [pattern='/templates/**']
2023-03-28 09:53:37,647 WARN org.springframework.security.config.annotation.web.builders.WebSecurity [restartedMain] You are asking Spring Security to ignore Ant [pattern='/css/**']. This is not recommended -- please use permitAll via HttpSecurity#authorizeHttpRequests instead.
2023-03-28 09:53:37,647 INFO org.springframework.security.web.DefaultSecurityFilterChain [restartedMain] Will not secure Ant [pattern='/css/**']
2023-03-28 09:53:37,647 WARN org.springframework.security.config.annotation.web.builders.WebSecurity [restartedMain] You are asking Spring Security to ignore Ant [pattern='/js/**']. This is not recommended -- please use permitAll via HttpSecurity#authorizeHttpRequests instead.
2023-03-28 09:53:37,647 INFO org.springframework.security.web.DefaultSecurityFilterChain [restartedMain] Will not secure Ant [pattern='/js/**']
2023-03-28 09:53:37,647 WARN org.springframework.security.config.annotation.web.builders.WebSecurity [restartedMain] You are asking Spring Security to ignore Ant [pattern='/images/**']. This is not recommended -- please use permitAll via HttpSecurity#authorizeHttpRequests instead.
2023-03-28 09:53:37,647 INFO org.springframework.security.web.DefaultSecurityFilterChain [restartedMain] Will not secure Ant [pattern='/images/**']
2023-03-28 09:53:37,647 WARN org.springframework.security.config.annotation.web.builders.WebSecurity [restartedMain] You are asking Spring Security to ignore Ant [pattern='/fonts/**']. This is not recommended -- please use permitAll via HttpSecurity#authorizeHttpRequests instead.
2023-03-28 09:53:37,647 INFO org.springframework.security.web.DefaultSecurityFilterChain [restartedMain] Will not secure Ant [pattern='/fonts/**']
2023-03-28 09:53:37,647 WARN org.springframework.security.config.annotation.web.builders.WebSecurity [restartedMain] You are asking Spring Security to ignore Ant [pattern='/webjars/**']. This is not recommended -- please use permitAll via HttpSecurity#authorizeHttpRequests instead.
2023-03-28 09:53:37,647 INFO org.springframework.security.web.DefaultSecurityFilterChain [restartedMain] Will not secure Ant [pattern='/webjars/**']
2023-03-28 09:53:37,648 WARN org.springframework.security.config.annotation.web.builders.WebSecurity [restartedMain] You are asking Spring Security to ignore Ant [pattern='/error/**']. This is not recommended -- please use permitAll via HttpSecurity#authorizeHttpRequests instead.
2023-03-28 09:53:37,648 INFO org.springframework.security.web.DefaultSecurityFilterChain [restartedMain] Will not secure Ant [pattern='/error/**']
2023-03-28 09:53:37,684 INFO org.springframework.security.web.DefaultSecurityFilterChain [restartedMain] Will secure any request with [org.springframework.security.web.session.DisableEncodeUrlFilter@3a302760, org.springframework.security.web.context.request.async.WebAsyncManagerIntegrationFilter@33161989, org.springframework.security.web.context.SecurityContextPersistenceFilter@209ea9db, org.springframework.security.web.header.HeaderWriterFilter@16cfee60, org.springframework.security.web.csrf.CsrfFilter@d80a51e, org.springframework.security.web.authentication.logout.LogoutFilter@1ed5c9bd, org.springframework.security.web.authentication.UsernamePasswordAuthenticationFilter@a5f4c8b, org.springframework.security.web.savedrequest.RequestCacheAwareFilter@73a3e022, org.springframework.security.web.servletapi.SecurityContextHolderAwareRequestFilter@5a0e3b7f, org.springframework.security.web.authentication.AnonymousAuthenticationFilter@43dd2074, org.springframework.security.web.session.SessionManagementFilter@4521f819, org.springframework.security.web.access.ExceptionTranslationFilter@3271080e, org.springframework.security.web.access.intercept.FilterSecurityInterceptor@27c92420]
2023-03-28 09:53:37,768 INFO org.springframework.boot.autoconfigure.web.servlet.WelcomePageHandlerMapping [restartedMain] Adding welcome page template: index
2023-03-28 09:53:38,084 WARN org.springframework.boot.devtools.autoconfigure.OptionalLiveReloadServer [restartedMain] Unable to start LiveReload server
2023-03-28 09:53:38,088 INFO org.springframework.boot.actuate.endpoint.web.EndpointLinksResolver [restartedMain] Exposing 1 endpoint(s) beneath base path '/actuator'
2023-03-28 09:53:38,113 INFO org.apache.juli.logging.DirectJDKLog [restartedMain] Starting ProtocolHandler ["http-nio-8080"]
2023-03-28 09:53:38,129 INFO org.springframework.boot.web.embedded.tomcat.TomcatWebServer [restartedMain] Tomcat started on port(s): 8080 (http) with context path ''
2023-03-28 09:53:38,141 INFO org.springframework.boot.StartupInfoLogger [restartedMain] Started ProyectoApplication in 4.103 seconds (JVM running for 4.685)
2023-03-28 09:53:39,256 INFO org.apache.juli.logging.DirectJDKLog [RMI TCP Connection(4)-127.0.0.1] Initializing Spring DispatcherServlet 'dispatcherServlet'
2023-03-28 09:53:39,256 INFO org.springframework.web.servlet.FrameworkServlet [RMI TCP Connection(4)-127.0.0.1] Initializing Servlet 'dispatcherServlet'
2023-03-28 09:53:39,258 INFO org.springframework.web.servlet.FrameworkServlet [RMI TCP Connection(4)-127.0.0.1] Completed initialization in 2 ms
2023-03-28 09:54:23,666 INFO com.tokioschool.web.util.HelperRest [http-nio-8080-exec-8] No hay token procedemos a solicitar uno
2023-03-28 09:55:50,479 WARN org.springframework.web.servlet.handler.AbstractHandlerExceptionResolver [http-nio-8080-exec-8] Resolved [org.springframework.web.client.HttpClientErrorException$Unauthorized: 401 : [no body]]
2023-03-28 09:57:04,616 INFO com.tokioschool.web.util.HelperRest [http-nio-8080-exec-3] No hay token procedemos a solicitar uno
2023-03-28 09:57:47,559 WARN org.springframework.web.servlet.handler.AbstractHandlerExceptionResolver [http-nio-8080-exec-3] Resolved [org.springframework.web.client.HttpClientErrorException$Unauthorized: 401 : [no body]]
2023-03-28 09:58:06,785 INFO com.tokioschool.web.util.HelperRest [http-nio-8080-exec-5] No hay token procedemos a solicitar uno
2023-03-28 10:01:42,706 WARN org.springframework.web.servlet.handler.AbstractHandlerExceptionResolver [http-nio-8080-exec-5] Resolved [org.springframework.web.client.HttpClientErrorException$Unauthorized: 401 : [no body]]
2023-03-28 10:03:15,536 INFO com.tokioschool.web.util.HelperRest [http-nio-8080-exec-4] No hay token procedemos a solicitar uno
2023-03-28 10:04:22,877 WARN org.springframework.web.servlet.handler.AbstractHandlerExceptionResolver [http-nio-8080-exec-4] Resolved [org.springframework.web.client.ResourceAccessException: I/O error on POST request for "http://localhost:8089/login": Connection reset; nested exception is java.net.SocketException: Connection reset]
2023-03-28 16:57:22,141 INFO org.springframework.boot.StartupInfoLogger [restartedMain] Starting ProyectoApplication using Java 17.0.3.1 on DESKTOP-U83I70G with PID 144 (E:\springboot\proyecto\target\classes started by jsusi in E:\springboot\proyecto)
2023-03-28 16:57:22,151 INFO org.springframework.boot.SpringApplication [restartedMain] No active profile set, falling back to 1 default profile: "default"
2023-03-28 16:57:22,181 INFO org.springframework.boot.logging.DeferredLog [restartedMain] Devtools property defaults active! Set 'spring.devtools.add-properties' to 'false' to disable
2023-03-28 16:57:22,181 INFO org.springframework.boot.logging.DeferredLog [restartedMain] For additional web related logging consider setting the 'logging.level.web' property to 'DEBUG'
2023-03-28 16:57:23,016 INFO org.springframework.data.repository.config.RepositoryConfigurationDelegate [restartedMain] Multiple Spring Data modules found, entering strict repository configuration mode
2023-03-28 16:57:23,017 INFO org.springframework.data.repository.config.RepositoryConfigurationDelegate [restartedMain] Bootstrapping Spring Data JDBC repositories in DEFAULT mode.
2023-03-28 16:57:23,036 INFO org.springframework.data.repository.config.RepositoryConfigurationExtensionSupport [restartedMain] Spring Data JDBC - Could not safely identify store assignment for repository candidate interface com.tokioschool.web.repository.FilmRepository; If you want this repository to be a JDBC repository, consider annotating your entities with one of these annotations: org.springframework.data.relational.core.mapping.Table.
2023-03-28 16:57:23,037 INFO org.springframework.data.repository.config.RepositoryConfigurationExtensionSupport [restartedMain] Spring Data JDBC - Could not safely identify store assignment for repository candidate interface com.tokioschool.web.repository.PersonRepository; If you want this repository to be a JDBC repository, consider annotating your entities with one of these annotations: org.springframework.data.relational.core.mapping.Table.
2023-03-28 16:57:23,038 INFO org.springframework.data.repository.config.RepositoryConfigurationExtensionSupport [restartedMain] Spring Data JDBC - Could not safely identify store assignment for repository candidate interface com.tokioschool.web.repository.ReviewRepository; If you want this repository to be a JDBC repository, consider annotating your entities with one of these annotations: org.springframework.data.relational.core.mapping.Table.
2023-03-28 16:57:23,039 INFO org.springframework.data.repository.config.RepositoryConfigurationExtensionSupport [restartedMain] Spring Data JDBC - Could not safely identify store assignment for repository candidate interface com.tokioschool.web.repository.RoleRepository; If you want this repository to be a JDBC repository, consider annotating your entities with one of these annotations: org.springframework.data.relational.core.mapping.Table.
2023-03-28 16:57:23,040 INFO org.springframework.data.repository.config.RepositoryConfigurationExtensionSupport [restartedMain] Spring Data JDBC - Could not safely identify store assignment for repository candidate interface com.tokioschool.web.repository.ScoreRepository; If you want this repository to be a JDBC repository, consider annotating your entities with one of these annotations: org.springframework.data.relational.core.mapping.Table.
2023-03-28 16:57:23,041 INFO org.springframework.data.repository.config.RepositoryConfigurationExtensionSupport [restartedMain] Spring Data JDBC - Could not safely identify store assignment for repository candidate interface com.tokioschool.web.repository.UserRepository; If you want this repository to be a JDBC repository, consider annotating your entities with one of these annotations: org.springframework.data.relational.core.mapping.Table.
2023-03-28 16:57:23,042 INFO org.springframework.data.repository.config.RepositoryConfigurationDelegate [restartedMain] Finished Spring Data repository scanning in 22 ms. Found 0 JDBC repository interfaces.
2023-03-28 16:57:23,048 INFO org.springframework.data.repository.config.RepositoryConfigurationDelegate [restartedMain] Multiple Spring Data modules found, entering strict repository configuration mode
2023-03-28 16:57:23,048 INFO org.springframework.data.repository.config.RepositoryConfigurationDelegate [restartedMain] Bootstrapping Spring Data JPA repositories in DEFAULT mode.
2023-03-28 16:57:23,076 INFO org.springframework.data.repository.config.RepositoryConfigurationDelegate [restartedMain] Finished Spring Data repository scanning in 24 ms. Found 6 JPA repository interfaces.
2023-03-28 16:57:23,501 INFO org.springframework.boot.web.embedded.tomcat.TomcatWebServer [restartedMain] Tomcat initialized with port(s): 8080 (http)
2023-03-28 16:57:23,510 INFO org.apache.juli.logging.DirectJDKLog [restartedMain] Initializing ProtocolHandler ["http-nio-8080"]
2023-03-28 16:57:23,511 INFO org.apache.juli.logging.DirectJDKLog [restartedMain] Starting service [Tomcat]
2023-03-28 16:57:23,511 INFO org.apache.juli.logging.DirectJDKLog [restartedMain] Starting Servlet engine: [Apache Tomcat/9.0.69]
2023-03-28 16:57:23,573 INFO org.apache.juli.logging.DirectJDKLog [restartedMain] Initializing Spring embedded WebApplicationContext
2023-03-28 16:57:23,573 INFO org.springframework.boot.web.servlet.context.ServletWebServerApplicationContext [restartedMain] Root WebApplicationContext: initialization completed in 1391 ms
2023-03-28 16:57:23,783 INFO org.hibernate.jpa.internal.util.LogHelper [restartedMain] HHH000204: Processing PersistenceUnitInfo [name: default]
2023-03-28 16:57:23,820 INFO org.hibernate.Version [restartedMain] HHH000412: Hibernate ORM core version 5.6.14.Final
2023-03-28 16:57:23,934 INFO org.hibernate.annotations.common.reflection.java.JavaReflectionManager [restartedMain] HCANN000001: Hibernate Commons Annotations {5.1.2.Final}
2023-03-28 16:57:24,017 INFO com.zaxxer.hikari.HikariDataSource [restartedMain] HikariPool-1 - Starting...
2023-03-28 16:57:24,131 INFO com.zaxxer.hikari.HikariDataSource [restartedMain] HikariPool-1 - Start completed.
2023-03-28 16:57:24,151 INFO org.hibernate.dialect.Dialect [restartedMain] HHH000400: Using dialect: org.hibernate.dialect.MySQL55Dialect
2023-03-28 16:57:24,810 INFO org.hibernate.engine.transaction.jta.platform.internal.JtaPlatformInitiator [restartedMain] HHH000490: Using JtaPlatform implementation: [org.hibernate.engine.transaction.jta.platform.internal.NoJtaPlatform]
2023-03-28 16:57:24,817 INFO org.springframework.orm.jpa.AbstractEntityManagerFactoryBean [restartedMain] Initialized JPA EntityManagerFactory for persistence unit 'default'
2023-03-28 16:57:25,298 WARN org.springframework.boot.autoconfigure.orm.jpa.JpaBaseConfiguration$JpaWebConfiguration [restartedMain] spring.jpa.open-in-view is enabled by default. Therefore, database queries may be performed during view rendering. Explicitly configure spring.jpa.open-in-view to disable this warning
2023-03-28 16:57:25,311 INFO com.tokioschool.web.config.FilmImageConfig [restartedMain] Comprobamos existencia directorio
2023-03-28 16:57:25,459 WARN org.springframework.security.config.annotation.web.builders.WebSecurity [restartedMain] You are asking Spring Security to ignore Ant [pattern='/resources/**']. This is not recommended -- please use permitAll via HttpSecurity#authorizeHttpRequests instead.
2023-03-28 16:57:25,459 INFO org.springframework.security.web.DefaultSecurityFilterChain [restartedMain] Will not secure Ant [pattern='/resources/**']
2023-03-28 16:57:25,459 WARN org.springframework.security.config.annotation.web.builders.WebSecurity [restartedMain] You are asking Spring Security to ignore Ant [pattern='/static/**']. This is not recommended -- please use permitAll via HttpSecurity#authorizeHttpRequests instead.
2023-03-28 16:57:25,460 INFO org.springframework.security.web.DefaultSecurityFilterChain [restartedMain] Will not secure Ant [pattern='/static/**']
2023-03-28 16:57:25,460 WARN org.springframework.security.config.annotation.web.builders.WebSecurity [restartedMain] You are asking Spring Security to ignore Ant [pattern='/templates/**']. This is not recommended -- please use permitAll via HttpSecurity#authorizeHttpRequests instead.
2023-03-28 16:57:25,460 INFO org.springframework.security.web.DefaultSecurityFilterChain [restartedMain] Will not secure Ant [pattern='/templates/**']
2023-03-28 16:57:25,460 WARN org.springframework.security.config.annotation.web.builders.WebSecurity [restartedMain] You are asking Spring Security to ignore Ant [pattern='/css/**']. This is not recommended -- please use permitAll via HttpSecurity#authorizeHttpRequests instead.
2023-03-28 16:57:25,460 INFO org.springframework.security.web.DefaultSecurityFilterChain [restartedMain] Will not secure Ant [pattern='/css/**']
2023-03-28 16:57:25,460 WARN org.springframework.security.config.annotation.web.builders.WebSecurity [restartedMain] You are asking Spring Security to ignore Ant [pattern='/js/**']. This is not recommended -- please use permitAll via HttpSecurity#authorizeHttpRequests instead.
2023-03-28 16:57:25,460 INFO org.springframework.security.web.DefaultSecurityFilterChain [restartedMain] Will not secure Ant [pattern='/js/**']
2023-03-28 16:57:25,461 WARN org.springframework.security.config.annotation.web.builders.WebSecurity [restartedMain] You are asking Spring Security to ignore Ant [pattern='/images/**']. This is not recommended -- please use permitAll via HttpSecurity#authorizeHttpRequests instead.
2023-03-28 16:57:25,461 INFO org.springframework.security.web.DefaultSecurityFilterChain [restartedMain] Will not secure Ant [pattern='/images/**']
2023-03-28 16:57:25,461 WARN org.springframework.security.config.annotation.web.builders.WebSecurity [restartedMain] You are asking Spring Security to ignore Ant [pattern='/fonts/**']. This is not recommended -- please use permitAll via HttpSecurity#authorizeHttpRequests instead.
2023-03-28 16:57:25,461 INFO org.springframework.security.web.DefaultSecurityFilterChain [restartedMain] Will not secure Ant [pattern='/fonts/**']
2023-03-28 16:57:25,461 WARN org.springframework.security.config.annotation.web.builders.WebSecurity [restartedMain] You are asking Spring Security to ignore Ant [pattern='/webjars/**']. This is not recommended -- please use permitAll via HttpSecurity#authorizeHttpRequests instead.
2023-03-28 16:57:25,461 INFO org.springframework.security.web.DefaultSecurityFilterChain [restartedMain] Will not secure Ant [pattern='/webjars/**']
2023-03-28 16:57:25,461 WARN org.springframework.security.config.annotation.web.builders.WebSecurity [restartedMain] You are asking Spring Security to ignore Ant [pattern='/error/**']. This is not recommended -- please use permitAll via HttpSecurity#authorizeHttpRequests instead.
2023-03-28 16:57:25,461 INFO org.springframework.security.web.DefaultSecurityFilterChain [restartedMain] Will not secure Ant [pattern='/error/**']
2023-03-28 16:57:25,497 INFO org.springframework.security.web.DefaultSecurityFilterChain [restartedMain] Will secure any request with [org.springframework.security.web.session.DisableEncodeUrlFilter@23ff882e, org.springframework.security.web.context.request.async.WebAsyncManagerIntegrationFilter@7ad45693, org.springframework.security.web.context.SecurityContextPersistenceFilter@7f7d08f2, org.springframework.security.web.header.HeaderWriterFilter@29933a1a, org.springframework.security.web.csrf.CsrfFilter@13850af7, org.springframework.security.web.authentication.logout.LogoutFilter@40bc8f96, org.springframework.security.web.authentication.UsernamePasswordAuthenticationFilter@3495696f, org.springframework.security.web.savedrequest.RequestCacheAwareFilter@76e4c31d, org.springframework.security.web.servletapi.SecurityContextHolderAwareRequestFilter@6abf7905, org.springframework.security.web.authentication.AnonymousAuthenticationFilter@651596b7, org.springframework.security.web.session.SessionManagementFilter@5fd09e49, org.springframework.security.web.access.ExceptionTranslationFilter@50174fdf, org.springframework.security.web.access.intercept.FilterSecurityInterceptor@7cb97d75]
2023-03-28 16:57:25,571 INFO org.springframework.boot.autoconfigure.web.servlet.WelcomePageHandlerMapping [restartedMain] Adding welcome page template: index
2023-03-28 16:57:25,867 WARN org.springframework.boot.devtools.autoconfigure.OptionalLiveReloadServer [restartedMain] Unable to start LiveReload server
2023-03-28 16:57:25,872 INFO org.springframework.boot.actuate.endpoint.web.EndpointLinksResolver [restartedMain] Exposing 1 endpoint(s) beneath base path '/actuator'
2023-03-28 16:57:25,895 INFO org.apache.juli.logging.DirectJDKLog [restartedMain] Starting ProtocolHandler ["http-nio-8080"]
2023-03-28 16:57:25,909 INFO org.springframework.boot.web.embedded.tomcat.TomcatWebServer [restartedMain] Tomcat started on port(s): 8080 (http) with context path ''
2023-03-28 16:57:25,922 INFO org.springframework.boot.StartupInfoLogger [restartedMain] Started ProyectoApplication in 4.057 seconds (JVM running for 4.479)
2023-03-28 16:57:27,057 INFO org.apache.juli.logging.DirectJDKLog [RMI TCP Connection(3)-127.0.0.1] Initializing Spring DispatcherServlet 'dispatcherServlet'
2023-03-28 16:57:27,057 INFO org.springframework.web.servlet.FrameworkServlet [RMI TCP Connection(3)-127.0.0.1] Initializing Servlet 'dispatcherServlet'
2023-03-28 16:57:27,059 INFO org.springframework.web.servlet.FrameworkServlet [RMI TCP Connection(3)-127.0.0.1] Completed initialization in 2 ms
2023-03-28 16:57:50,792 INFO com.tokioschool.web.util.HelperRest [http-nio-8080-exec-7] No hay token procedemos a solicitar uno
2023-03-28 16:57:50,913 INFO com.tokioschool.web.util.HelperRest [http-nio-8080-exec-7] Token Generado
2023-03-28 16:57:50,914 INFO com.tokioschool.web.controller.ControllerFilm [http-nio-8080-exec-7] Procedemos a mandar la solicitud
2023-03-28 16:57:51,067 INFO com.tokioschool.web.controller.ControllerFilm [http-nio-8080-exec-7] recibimos la solicitud en el response
2023-03-28 16:58:05,374 INFO org.springframework.boot.admin.SpringApplicationAdminMXBeanRegistrar$SpringApplicationAdmin [RMI TCP Connection(7)-127.0.0.1] Application shutdown requested.
2023-03-28 16:58:05,380 INFO org.apache.juli.logging.DirectJDKLog [RMI TCP Connection(7)-127.0.0.1] Pausing ProtocolHandler ["http-nio-8080"]
2023-03-28 16:58:05,380 INFO org.apache.juli.logging.DirectJDKLog [RMI TCP Connection(7)-127.0.0.1] Stopping service [Tomcat]
2023-03-28 16:58:05,381 INFO org.apache.juli.logging.DirectJDKLog [RMI TCP Connection(7)-127.0.0.1] Destroying Spring FrameworkServlet 'dispatcherServlet'
2023-03-28 16:58:05,389 INFO org.apache.juli.logging.DirectJDKLog [RMI TCP Connection(7)-127.0.0.1] Stopping ProtocolHandler ["http-nio-8080"]
2023-03-28 16:58:05,391 INFO org.apache.juli.logging.DirectJDKLog [RMI TCP Connection(7)-127.0.0.1] Destroying ProtocolHandler ["http-nio-8080"]
2023-03-28 16:58:05,396 INFO org.springframework.orm.jpa.AbstractEntityManagerFactoryBean [RMI TCP Connection(7)-127.0.0.1] Closing JPA EntityManagerFactory for persistence unit 'default'
2023-03-28 16:58:05,399 INFO com.zaxxer.hikari.HikariDataSource [RMI TCP Connection(7)-127.0.0.1] HikariPool-1 - Shutdown initiated...
2023-03-28 16:58:05,404 INFO com.zaxxer.hikari.HikariDataSource [RMI TCP Connection(7)-127.0.0.1] HikariPool-1 - Shutdown completed.
